xilinx rtfpga
WARNING: [Synth 8-7129] Port ins[26] in module WritebackControl is either unconnected or has no load
WARNING: [Synth 8-7129] Port ins[25] in module WritebackControl is either unconnected or has no load
WARNING: [Synth 8-7129] Port ins[24] in module WritebackControl is either unconnected or has no load
WARNING: [Synth 8-7129] Port ins[23] in module WritebackControl is either unconnected or has no load
WARNING: [Synth 8-7129] Port ins[22] in module WritebackControl is either unconnected or has no load
WARNING: [Synth 8-7129] Port ins[21] in module WritebackControl is either unconnected or has no load
WARNING: [Synth 8-7129] Port ins[20] in module WritebackControl is either unconnected or has no load
WARNING: [Synth 8-7129] Port ins[19] in module WritebackControl is either unconnected or has no load
WARNING: [Synth 8-7129] Port ins[18] in module WritebackControl is either unconnected or has no load
WARNING: [Synth 8-7129] Port ins[17] in module WritebackControl is either unconnected or has no load
WARNING: [Synth 8-7129] Port ins[16] in module WritebackControl is either unconnected or has no load
WARNING: [Synth 8-7129] Port ins[15] in module WritebackControl is either unconnected or has no load
WARNING: [Synth 8-7129] Port ins[14] in module WritebackControl is either unconnected or has no load
WARNING: [Synth 8-7129] Port ins[13] in module WritebackControl is either unconnected or has no load
WARNING: [Synth 8-7129] Port ins[12] in module WritebackControl is either unconnected or has no load
WARNING: [Synth 8-7129] Port ins[11] in module WritebackControl is either unconnected or has no load
WARNING: [Synth 8-7129] Port ins[10] in module WritebackControl is either unconnected or has no load
WARNING: [Synth 8-7129] Port ins[9] in module WritebackControl is either unconnected or has no load
WARNING: [Synth 8-7129] Port ins[8] in module WritebackControl is either unconnected or has no load
WARNING: [Synth 8-7129] Port ins[7] in module WritebackControl is either unconnected or has no load
WARNING: [Synth 8-7129] Port ins[6] in module WritebackControl is either unconnected or has no load
WARNING: [Synth 8-7129] Port ins[5] in module WritebackControl is either unconnected or has no load
WARNING: [Synth 8-7129] Port ins[4] in module WritebackControl is either unconnected or has no load
WARNING: [Synth 8-7129] Port ins[3] in module WritebackControl is either unconnected or has no load
WARNING: [Synth 8-7129] Port ins[2] in module WritebackControl is either unconnected or has no load
WARNING: [Synth 8-7129] Port ins[1] in module WritebackControl is either unconnected or has no load
WARNING: [Synth 8-7129] Port ins[0] in module WritebackControl is either unconnected or has no load
WARNING: [Synth 8-7129] Port ins[26] in module Exception is either unconnected or has no load
WARNING: [Synth 8-7129] Port ins[25] in module Exception is either unconnected or has no load
WARNING: [Synth 8-7129] Port ins[24] in module Exception is either unconnected or has no load
WARNING: [Synth 8-7129] Port ins[23] in module Exception is either unconnected or has no load
WARNING: [Synth 8-7129] Port ins[22] in module Exception is either unconnected or has no load
WARNING: [Synth 8-7129] Port ins[21] in module Exception is either unconnected or has no load
WARNING: [Synth 8-7129] Port ins[20] in module Exception is either unconnected or has no load
WARNING: [Synth 8-7129] Port ins[19] in module Exception is either unconnected or has no load
WARNING: [Synth 8-7129] Port ins[18] in module Exception is either unconnected or has no load
WARNING: [Synth 8-7129] Port ins[17] in module Exception is either unconnected or has no load
WARNING: [Synth 8-7129] Port ins[16] in module Exception is either unconnected or has no load
WARNING: [Synth 8-7129] Port ins[15] in module Exception is either unconnected or has no load
WARNING: [Synth 8-7129] Port ins[14] in module Exception is either unconnected or has no load
WARNING: [Synth 8-7129] Port ins[13] in module Exception is either unconnected or has no load
WARNING: [Synth 8-7129] Port ins[12] in module Exception is either unconnected or has no load
WARNING: [Synth 8-7129] Port ins[11] in module Exception is either unconnected or has no load
WARNING: [Synth 8-7129] Port ins[10] in module Exception is either unconnected or has no load
WARNING: [Synth 8-7129] Port ins[9] in module Exception is either unconnected or has no load
WARNING: [Synth 8-7129] Port ins[8] in module Exception is either unconnected or has no load
WARNING: [Synth 8-7129] Port ins[7] in module Exception is either unconnected or has no load
WARNING: [Synth 8-7129] Port ins[1] in module Exception is either unconnected or has no load
WARNING: [Synth 8-7129] Port ins[0] in module Exception is either unconnected or has no load
WARNING: [Synth 8-7129] Port ins[26] in module MemoryControl is either unconnected or has no load
WARNING: [Synth 8-7129] Port ins[25] in module MemoryControl is either unconnected or has no load
WARNING: [Synth 8-7129] Port ins[24] in module MemoryControl is either unconnected or has no load
WARNING: [Synth 8-7129] Port ins[23] in module MemoryControl is either unconnected or has no load
WARNING: [Synth 8-7129] Port ins[22] in module MemoryControl is either unconnected or has no load
WARNING: [Synth 8-7129] Port ins[21] in module MemoryControl is either unconnected or has no load
WARNING: [Synth 8-7129] Port ins[20] in module MemoryControl is either unconnected or has no load
WARNING: [Synth 8-7129] Port ins[19] in module MemoryControl is either unconnected or has no load
WARNING: [Synth 8-7129] Port ins[18] in module MemoryControl is either unconnected or has no load
WARNING: [Synth 8-7129] Port ins[17] in module MemoryControl is either unconnected or has no load
WARNING: [Synth 8-7129] Port ins[16] in module MemoryControl is either unconnected or has no load
WARNING: [Synth 8-7129] Port ins[15] in module MemoryControl is either unconnected or has no load
WARNING: [Synth 8-7129] Port ins[14] in module MemoryControl is either unconnected or has no load
WARNING: [Synth 8-7129] Port ins[13] in module MemoryControl is either unconnected or has no load
WARNING: [Synth 8-7129] Port ins[12] in module MemoryControl is either unconnected or has no load
WARNING: [Synth 8-7129] Port ins[11] in module MemoryControl is either unconnected or has no load
WARNING: [Synth 8-7129] Port ins[10] in module MemoryControl is either unconnected or has no load
WARNING: [Synth 8-7129] Port ins[9] in module MemoryControl is either unconnected or has no load
WARNING: [Synth 8-7129] Port ins[8] in module MemoryControl is either unconnected or has no load
WARNING: [Synth 8-7129] Port ins[7] in module MemoryControl is either unconnected or has no load
WARNING: [Synth 8-7129] Port ins[6] in module MemoryControl is either unconnected or has no load
WARNING: [Synth 8-7129] Port ins[5] in module MemoryControl is either unconnected or has no load
WARNING: [Synth 8-7129] Port ins[4] in module MemoryControl is either unconnected or has no load
WARNING: [Synth 8-7129] Port ins[3] in module MemoryControl is either unconnected or has no load
WARNING: [Synth 8-7129] Port ins[2] in module MemoryControl is either unconnected or has no load
WARNING: [Synth 8-7129] Port ins[1] in module MemoryControl is either unconnected or has no load
WARNING: [Synth 8-7129] Port ins[0] in module MemoryControl is either unconnected or has no load
WARNING: [Synth 8-7129] Port AQ[0] in module divControl is either unconnected or has no load
WARNING: [Synth 8-7129] Port ctrl_ALUopcode[4] in module alu is either unconnected or has no load
WARNING: [Synth 8-7129] Port ctrl_ALUopcode[3] in module alu is either unconnected or has no load
WARNING: [Synth 8-7129] Port ins[26] in module ExecuteControl is either unconnected or has no load
WARNING: [Synth 8-7129] Port ins[25] in module ExecuteControl is either unconnected or has no load
WARNING: [Synth 8-7129] Port ins[24] in module ExecuteControl is either unconnected or has no load
WARNING: [Synth 8-7129] Port ins[23] in module ExecuteControl is either unconnected or has no load
WARNING: [Synth 8-7129] Port ins[22] in module ExecuteControl is either unconnected or has no load
WARNING: [Synth 8-7129] Port ins[21] in module ExecuteControl is either unconnected or has no load
WARNING: [Synth 8-7129] Port ins[20] in module ExecuteControl is either unconnected or has no load
WARNING: [Synth 8-7129] Port ins[19] in module ExecuteControl is either unconnected or has no load
WARNING: [Synth 8-7129] Port ins[18] in module ExecuteControl is either unconnected or has no load
WARNING: [Synth 8-7129] Port ins[17] in module ExecuteControl is either unconnected or has no load
WARNING: [Synth 8-7129] Port ins[16] in module ExecuteControl is either unconnected or has no load
WARNING: [Synth 8-7129] Port ins[15] in module ExecuteControl is either unconnected or has no load
WARNING: [Synth 8-7129] Port ins[14] in module ExecuteControl is either unconnected or has no load
WARNING: [Synth 8-7129] Port ins[13] in module ExecuteControl is either unconnected or has no load
WARNING: [Synth 8-7129] Port ins[12] in module ExecuteControl is either unconnected or has no load
WARNING: [Synth 8-7129] Port ins[1] in module ExecuteControl is either unconnected or has no load
WARNING: [Synth 8-7129] Port ins[0] in module ExecuteControl is either unconnected or has no load
WARNING: [Synth 8-7129] Port clock in module ExecuteControl is either unconnected or has no load
WARNING: [Synth 8-7129] Port multDivDone in module ExecuteControl is either unconnected or has no load
WARNING: [Synth 8-7129] Port executeIR[11] in module Bypass is either unconnected or has no load
WARNING: [Synth 8-7129] Port executeIR[10] in module Bypass is either unconnected or has no load
INFO: [Common 17-14] Message 'Synth 8-7129' appears 100 times and further instances of the messages will be disabled. Use the Tcl command set_msg_config to change the current settings.
INFO: [Synth 8-3886] merging instance 'CPU/fetchDecodeLatch/reg1/dffe_reg[7]/q_reg' (FDCE) to 'CPU/fetchDecodeLatch/reg1/dffe_reg[28]/q_reg'
INFO: [Synth 8-3886] merging instance 'CPU/fetchDecodeLatch/reg1/dffe_reg[11]/q_reg' (FDCE) to 'CPU/fetchDecodeLatch/reg1/dffe_reg[28]/q_reg'
INFO: [Synth 8-3886] merging instance 'CPU/fetchDecodeLatch/reg1/dffe_reg[10]/q_reg' (FDCE) to 'CPU/fetchDecodeLatch/reg1/dffe_reg[28]/q_reg'
INFO: [Synth 8-3886] merging instance 'CPU/fetchDecodeLatch/reg1/dffe_reg[9]/q_reg' (FDCE) to 'CPU/fetchDecodeLatch/reg1/dffe_reg[28]/q_reg'
INFO: [Synth 8-3886] merging instance 'CPU/fetchDecodeLatch/reg1/dffe_reg[8]/q_reg' (FDCE) to 'CPU/fetchDecodeLatch/reg1/dffe_reg[28]/q_reg'
INFO: [Synth 8-3886] merging instance 'CPU/fetchDecodeLatch/reg1/dffe_reg[2]/q_reg' (FDCE) to 'CPU/fetchDecodeLatch/reg1/dffe_reg[28]/q_reg'
INFO: [Synth 8-3886] merging instance 'CPU/fetchDecodeLatch/reg1/dffe_reg[5]/q_reg' (FDCE) to 'CPU/fetchDecodeLatch/reg1/dffe_reg[28]/q_reg'
INFO: [Synth 8-3886] merging instance 'CPU/fetchDecodeLatch/reg1/dffe_reg[6]/q_reg' (FDCE) to 'CPU/fetchDecodeLatch/reg1/dffe_reg[28]/q_reg'
INFO: [Synth 8-3886] merging instance 'CPU/fetchDecodeLatch/reg1/dffe_reg[4]/q_reg' (FDCE) to 'CPU/fetchDecodeLatch/reg1/dffe_reg[28]/q_reg'
INFO: [Synth 8-3886] merging instance 'CPU/fetchDecodeLatch/reg1/dffe_reg[3]/q_reg' (FDCE) to 'CPU/fetchDecodeLatch/reg1/dffe_reg[28]/q_reg'
INFO: [Synth 8-3333] propagating constant 0 across sequential element (\RegisterFile/registers[0].reg32/dffe_reg[30]/q_reg )
INFO: [Synth 8-3333] propagating constant 0 across sequential element (\RegisterFile/registers[0].reg32/dffe_reg[29]/q_reg )
INFO: [Synth 8-3333] propagating constant 0 across sequential element (\RegisterFile/registers[0].reg32/dffe_reg[28]/q_reg )
INFO: [Synth 8-3333] propagating constant 0 across sequential element (\RegisterFile/registers[0].reg32/dffe_reg[27]/q_reg )
INFO: [Synth 8-3333] propagating constant 0 across sequential element (\RegisterFile/registers[0].reg32/dffe_reg[26]/q_reg )
INFO: [Synth 8-3333] propagating constant 0 across sequential element (\RegisterFile/registers[0].reg32/dffe_reg[25]/q_reg )
INFO: [Synth 8-3333] propagating constant 0 across sequential element (\RegisterFile/registers[0].reg32/dffe_reg[24]/q_reg )
INFO: [Synth 8-3333] propagating constant 0 across sequential element (\RegisterFile/registers[0].reg32/dffe_reg[23]/q_reg )
INFO: [Synth 8-3333] propagating constant 0 across sequential element (\RegisterFile/registers[0].reg32/dffe_reg[22]/q_reg )
INFO: [Synth 8-3333] propagating constant 0 across sequential element (\RegisterFile/registers[0].reg32/dffe_reg[21]/q_reg )
INFO: [Synth 8-3333] propagating constant 0 across sequential element (\RegisterFile/registers[0].reg32/dffe_reg[20]/q_reg )
INFO: [Synth 8-3333] propagating constant 0 across sequential element (\RegisterFile/registers[0].reg32/dffe_reg[19]/q_reg )
INFO: [Synth 8-3333] propagating constant 0 across sequential element (\RegisterFile/registers[0].reg32/dffe_reg[18]/q_reg )
INFO: [Synth 8-3333] propagating constant 0 across sequential element (\RegisterFile/registers[0].reg32/dffe_reg[17]/q_reg )
INFO: [Synth 8-3333] propagating constant 0 across sequential element (\RegisterFile/registers[0].reg32/dffe_reg[16]/q_reg )
INFO: [Synth 8-3333] propagating constant 0 across sequential element (\RegisterFile/registers[0].reg32/dffe_reg[15]/q_reg )
INFO: [Synth 8-3333] propagating constant 0 across sequential element (\RegisterFile/registers[0].reg32/dffe_reg[14]/q_reg )
INFO: [Synth 8-3333] propagating constant 0 across sequential element (\RegisterFile/registers[0].reg32/dffe_reg[13]/q_reg )
INFO: [Synth 8-3333] propagating constant 0 across sequential element (\RegisterFile/registers[0].reg32/dffe_reg[12]/q_reg )
INFO: [Synth 8-3333] propagating constant 0 across sequential element (\RegisterFile/registers[0].reg32/dffe_reg[11]/q_reg )
INFO: [Synth 8-3333] propagating constant 0 across sequential element (\RegisterFile/registers[0].reg32/dffe_reg[10]/q_reg )
INFO: [Synth 8-3333] propagating constant 0 across sequential element (\RegisterFile/registers[0].reg32/dffe_reg[9]/q_reg )
INFO: [Synth 8-3333] propagating constant 0 across sequential element (\RegisterFile/registers[0].reg32/dffe_reg[8]/q_reg )
INFO: [Synth 8-3333] propagating constant 0 across sequential element (\RegisterFile/registers[0].reg32/dffe_reg[7]/q_reg )
INFO: [Synth 8-3333] propagating constant 0 across sequential element (\RegisterFile/registers[0].reg32/dffe_reg[6]/q_reg )
INFO: [Synth 8-3333] propagating constant 0 across sequential element (\RegisterFile/registers[0].reg32/dffe_reg[5]/q_reg )
INFO: [Synth 8-3333] propagating constant 0 across sequential element (\RegisterFile/registers[0].reg32/dffe_reg[4]/q_reg )
INFO: [Synth 8-3333] propagating constant 0 across sequential element (\RegisterFile/registers[0].reg32/dffe_reg[3]/q_reg )
INFO: [Synth 8-3333] propagating constant 0 across sequential element (\RegisterFile/registers[0].reg32/dffe_reg[2]/q_reg )
INFO: [Synth 8-3333] propagating constant 0 across sequential element (\RegisterFile/registers[0].reg32/dffe_reg[0]/q_reg )
INFO: [Synth 8-3333] propagating constant 0 across sequential element (\RegisterFile/registers[0].reg32/dffe_reg[1]/q_reg )
INFO: [Synth 8-3333] propagating constant 0 across sequential element (\RegisterFile/registers[0].reg32/dffe_reg[31]/q_reg )
INFO: [Synth 8-3886] merging instance 'CPU/fetchDecodeLatch/reg1/dffe_reg[25]/q_reg' (FDCE) to 'CPU/fetchDecodeLatch/reg1/dffe_reg[29]/q_reg'
INFO: [Synth 8-3886] merging instance 'CPU/fetchDecodeLatch/reg1/dffe_reg[15]/q_reg' (FDCE) to 'CPU/fetchDecodeLatch/reg1/dffe_reg[28]/q_reg'
INFO: [Synth 8-3886] merging instance 'CPU/fetchDecodeLatch/reg1/dffe_reg[26]/q_reg' (FDCE) to 'CPU/fetchDecodeLatch/reg1/dffe_reg[31]/q_reg'
INFO: [Synth 8-3886] merging instance 'CPU/fetchDecodeLatch/reg1/dffe_reg[16]/q_reg' (FDCE) to 'CPU/fetchDecodeLatch/reg1/dffe_reg[28]/q_reg'
INFO: [Synth 8-3886] merging instance 'CPU/fetchDecodeLatch/reg1/dffe_reg[22]/q_reg' (FDCE) to 'CPU/fetchDecodeLatch/reg1/dffe_reg[31]/q_reg'
INFO: [Synth 8-3886] merging instance 'CPU/fetchDecodeLatch/reg1/dffe_reg[12]/q_reg' (FDCE) to 'CPU/fetchDecodeLatch/reg1/dffe_reg[28]/q_reg'
INFO: [Synth 8-3886] merging instance 'CPU/fetchDecodeLatch/reg1/dffe_reg[23]/q_reg' (FDCE) to 'CPU/fetchDecodeLatch/reg1/dffe_reg[31]/q_reg'
INFO: [Synth 8-3886] merging instance 'CPU/fetchDecodeLatch/reg1/dffe_reg[13]/q_reg' (FDCE) to 'CPU/fetchDecodeLatch/reg1/dffe_reg[28]/q_reg'
INFO: [Synth 8-3886] merging instance 'CPU/fetchDecodeLatch/reg1/dffe_reg[24]/q_reg' (FDCE) to 'CPU/fetchDecodeLatch/reg1/dffe_reg[31]/q_reg'
INFO: [Synth 8-3886] merging instance 'CPU/fetchDecodeLatch/reg1/dffe_reg[14]/q_reg' (FDCE) to 'CPU/fetchDecodeLatch/reg1/dffe_reg[28]/q_reg'
INFO: [Synth 8-3886] merging instance 'CPU/fetchDecodeLatch/reg1/dffe_reg[29]/q_reg' (FDCE) to 'CPU/fetchDecodeLatch/reg1/dffe_reg[27]/q_reg'
INFO: [Synth 8-3886] merging instance 'CPU/fetchDecodeLatch/reg1/dffe_reg[30]/q_reg' (FDCE) to 'CPU/fetchDecodeLatch/reg1/dffe_reg[31]/q_reg'
INFO: [Synth 8-3886] merging instance 'CPU/fetchDecodeLatch/reg1/dffe_reg[31]/q_reg' (FDCE) to 'CPU/fetchDecodeLatch/reg1/dffe_reg[21]/q_reg'
INFO: [Synth 8-3886] merging instance 'CPU/fetchDecodeLatch/reg1/dffe_reg[20]/q_reg' (FDCE) to 'CPU/fetchDecodeLatch/reg1/dffe_reg[21]/q_reg'
INFO: [Synth 8-3886] merging instance 'CPU/fetchDecodeLatch/reg1/dffe_reg[21]/q_reg' (FDCE) to 'CPU/fetchDecodeLatch/reg1/dffe_reg[19]/q_reg'
INFO: [Synth 8-3886] merging instance 'CPU/fetchDecodeLatch/reg1/dffe_reg[17]/q_reg' (FDCE) to 'CPU/fetchDecodeLatch/reg1/dffe_reg[19]/q_reg'
INFO: [Synth 8-3886] merging instance 'CPU/fetchDecodeLatch/reg1/dffe_reg[18]/q_reg' (FDCE) to 'CPU/fetchDecodeLatch/reg1/dffe_reg[19]/q_reg'
INFO: [Synth 8-3886] merging instance 'CPU/mainMultDiv/multiplier/regProduct/dffe_reg[64]/q_reg' (FDC) to 'CPU/mainMultDiv/multiplier/regProduct/dffe_reg[63]/q_reg'
INFO: [Synth 8-3886] merging instance 'CPU/mainMultDiv/multiplier/regProduct/dffe_reg[63]/q_reg' (FDC) to 'CPU/mainMultDiv/multiplier/regProduct/dffe_reg[62]/q_reg'
INFO: [Synth 8-3886] merging instance 'CPU/decodeExecuteLatch/reg1/dffe_reg[7]/q_reg' (FDCE) to 'CPU/decodeExecuteLatch/reg1/dffe_reg[15]/q_reg'
INFO: [Synth 8-3886] merging instance 'CPU/decodeExecuteLatch/reg1/dffe_reg[11]/q_reg' (FDCE) to 'CPU/decodeExecuteLatch/reg1/dffe_reg[15]/q_reg'
INFO: [Synth 8-3886] merging instance 'CPU/decodeExecuteLatch/reg1/dffe_reg[10]/q_reg' (FDCE) to 'CPU/decodeExecuteLatch/reg1/dffe_reg[15]/q_reg'
INFO: [Synth 8-3886] merging instance 'CPU/decodeExecuteLatch/reg1/dffe_reg[9]/q_reg' (FDCE) to 'CPU/decodeExecuteLatch/reg1/dffe_reg[15]/q_reg'
INFO: [Synth 8-3886] merging instance 'CPU/decodeExecuteLatch/reg1/dffe_reg[8]/q_reg' (FDCE) to 'CPU/decodeExecuteLatch/reg1/dffe_reg[15]/q_reg'
INFO: [Synth 8-3886] merging instance 'CPU/decodeExecuteLatch/reg1/dffe_reg[25]/q_reg' (FDCE) to 'CPU/decodeExecuteLatch/reg1/dffe_reg[29]/q_reg'
INFO: [Synth 8-3886] merging instance 'CPU/decodeExecuteLatch/reg1/dffe_reg[26]/q_reg' (FDCE) to 'CPU/decodeExecuteLatch/reg1/dffe_reg[23]/q_reg'
INFO: [Synth 8-3886] merging instance 'CPU/decodeExecuteLatch/reg1/dffe_reg[22]/q_reg' (FDCE) to 'CPU/decodeExecuteLatch/reg1/dffe_reg[23]/q_reg'
INFO: [Synth 8-3886] merging instance 'CPU/decodeExecuteLatch/reg1/dffe_reg[23]/q_reg' (FDCE) to 'CPU/decodeExecuteLatch/reg1/dffe_reg[21]/q_reg'
INFO: [Synth 8-3886] merging instance 'CPU/decodeExecuteLatch/reg1/dffe_reg[24]/q_reg' (FDCE) to 'CPU/decodeExecuteLatch/reg1/dffe_reg[21]/q_reg'
INFO: [Synth 8-3886] merging instance 'CPU/decodeExecuteLatch/reg1/dffe_reg[2]/q_reg' (FDCE) to 'CPU/decodeExecuteLatch/reg1/dffe_reg[15]/q_reg'
INFO: [Synth 8-3886] merging instance 'CPU/decodeExecuteLatch/reg1/dffe_reg[5]/q_reg' (FDCE) to 'CPU/decodeExecuteLatch/reg1/dffe_reg[15]/q_reg'
INFO: [Synth 8-3886] merging instance 'CPU/decodeExecuteLatch/reg1/dffe_reg[6]/q_reg' (FDCE) to 'CPU/decodeExecuteLatch/reg1/dffe_reg[15]/q_reg'
INFO: [Synth 8-3886] merging instance 'CPU/decodeExecuteLatch/reg1/dffe_reg[4]/q_reg' (FDCE) to 'CPU/decodeExecuteLatch/reg1/dffe_reg[15]/q_reg'
INFO: [Synth 8-3886] merging instance 'CPU/decodeExecuteLatch/reg1/dffe_reg[3]/q_reg' (FDCE) to 'CPU/decodeExecuteLatch/reg1/dffe_reg[15]/q_reg'
INFO: [Synth 8-3886] merging instance 'CPU/decodeExecuteLatch/reg1/dffe_reg[20]/q_reg' (FDCE) to 'CPU/decodeExecuteLatch/reg1/dffe_reg[21]/q_reg'
INFO: [Synth 8-3886] merging instance 'CPU/decodeExecuteLatch/reg1/dffe_reg[15]/q_reg' (FDCE) to 'CPU/decodeExecuteLatch/reg1/dffe_reg[13]/q_reg'
INFO: [Synth 8-3886] merging instance 'CPU/decodeExecuteLatch/reg1/dffe_reg[21]/q_reg' (FDCE) to 'CPU/decodeExecuteLatch/reg1/dffe_reg[19]/q_reg'
INFO: [Synth 8-3886] merging instance 'CPU/decodeExecuteLatch/reg1/dffe_reg[16]/q_reg' (FDCE) to 'CPU/decodeExecuteLatch/reg1/dffe_reg[13]/q_reg'
INFO: [Synth 8-3886] merging instance 'CPU/decodeExecuteLatch/reg1/dffe_reg[17]/q_reg' (FDCE) to 'CPU/decodeExecuteLatch/reg1/dffe_reg[19]/q_reg'
INFO: [Synth 8-3886] merging instance 'CPU/decodeExecuteLatch/reg1/dffe_reg[12]/q_reg' (FDCE) to 'CPU/decodeExecuteLatch/reg1/dffe_reg[13]/q_reg'
INFO: [Synth 8-3886] merging instance 'CPU/decodeExecuteLatch/reg1/dffe_reg[18]/q_reg' (FDCE) to 'CPU/decodeExecuteLatch/reg1/dffe_reg[19]/q_reg'
INFO: [Synth 8-3886] merging instance 'CPU/decodeExecuteLatch/reg1/dffe_reg[13]/q_reg' (FDCE) to 'CPU/decodeExecuteLatch/reg1/dffe_reg[28]/q_reg'
INFO: [Synth 8-3886] merging instance 'CPU/decodeExecuteLatch/reg1/dffe_reg[19]/q_reg' (FDCE) to 'CPU/decodeExecuteLatch/reg1/dffe_reg[31]/q_reg'
INFO: [Synth 8-3886] merging instance 'CPU/decodeExecuteLatch/reg1/dffe_reg[27]/q_reg' (FDCE) to 'CPU/decodeExecuteLatch/reg1/dffe_reg[29]/q_reg'
INFO: [Synth 8-3886] merging instance 'CPU/decodeExecuteLatch/reg1/dffe_reg[28]/q_reg' (FDCE) to 'CPU/decodeExecuteLatch/reg1/dffe_reg[14]/q_reg'
INFO: [Synth 8-3886] merging instance 'CPU/decodeExecuteLatch/reg1/dffe_reg[30]/q_reg' (FDCE) to 'CPU/decodeExecuteLatch/reg1/dffe_reg[31]/q_reg'
INFO: [Synth 8-3886] merging instance 'CPU/executeMemoryLatch/regIR/dffe_reg[31]/q_reg' (FDCE) to 'CPU/executeMemoryLatch/regIR/dffe_reg[30]/q_reg'
INFO: [Synth 8-3886] merging instance 'CPU/executeMemoryLatch/regIR/dffe_reg[20]/q_reg' (FDCE) to 'CPU/executeMemoryLatch/regIR/dffe_reg[30]/q_reg'
INFO: [Synth 8-3886] merging instance 'CPU/executeMemoryLatch/regIR/dffe_reg[18]/q_reg' (FDCE) to 'CPU/executeMemoryLatch/regIR/dffe_reg[30]/q_reg'
INFO: [Synth 8-3886] merging instance 'CPU/executeMemoryLatch/regIR/dffe_reg[17]/q_reg' (FDCE) to 'CPU/executeMemoryLatch/regIR/dffe_reg[30]/q_reg'
INFO: [Synth 8-3886] merging instance 'CPU/executeMemoryLatch/regIR/dffe_reg[19]/q_reg' (FDCE) to 'CPU/executeMemoryLatch/regIR/dffe_reg[30]/q_reg'
INFO: [Synth 8-3886] merging instance 'CPU/executeMemoryLatch/regIR/dffe_reg[21]/q_reg' (FDCE) to 'CPU/executeMemoryLatch/regIR/dffe_reg[30]/q_reg'
INFO: [Synth 8-3886] merging instance 'CPU/executeMemoryLatch/regIR/dffe_reg[30]/q_reg' (FDCE) to 'CPU/executeMemoryLatch/regIR/dffe_reg[26]/q_reg'
INFO: [Synth 8-3886] merging instance 'CPU/executeMemoryLatch/regIR/dffe_reg[27]/q_reg' (FDCE) to 'CPU/executeMemoryLatch/regIR/dffe_reg[25]/q_reg'
INFO: [Synth 8-3886] merging instance 'CPU/executeMemoryLatch/regIR/dffe_reg[16]/q_reg' (FDCE) to 'CPU/executeMemoryLatch/regIR/dffe_reg[28]/q_reg'
INFO: [Synth 8-3886] merging instance 'CPU/executeMemoryLatch/regIR/dffe_reg[14]/q_reg' (FDCE) to 'CPU/executeMemoryLatch/regIR/dffe_reg[28]/q_reg'
INFO: [Synth 8-3886] merging instance 'CPU/executeMemoryLatch/regIR/dffe_reg[12]/q_reg' (FDCE) to 'CPU/executeMemoryLatch/regIR/dffe_reg[28]/q_reg'
INFO: [Synth 8-3886] merging instance 'CPU/executeMemoryLatch/regIR/dffe_reg[10]/q_reg' (FDCE) to 'CPU/executeMemoryLatch/regIR/dffe_reg[28]/q_reg'
INFO: [Synth 8-3886] merging instance 'CPU/executeMemoryLatch/regIR/dffe_reg[8]/q_reg' (FDCE) to 'CPU/executeMemoryLatch/regIR/dffe_reg[28]/q_reg'
INFO: [Synth 8-3886] merging instance 'CPU/executeMemoryLatch/regIR/dffe_reg[6]/q_reg' (FDCE) to 'CPU/executeMemoryLatch/regIR/dffe_reg[28]/q_reg'
INFO: [Synth 8-3886] merging instance 'CPU/executeMemoryLatch/regIR/dffe_reg[4]/q_reg' (FDCE) to 'CPU/executeMemoryLatch/regIR/dffe_reg[28]/q_reg'
INFO: [Synth 8-3886] merging instance 'CPU/executeMemoryLatch/regIR/dffe_reg[2]/q_reg' (FDCE) to 'CPU/executeMemoryLatch/regIR/dffe_reg[28]/q_reg'
INFO: [Synth 8-3886] merging instance 'CPU/executeMemoryLatch/regIR/dffe_reg[3]/q_reg' (FDCE) to 'CPU/executeMemoryLatch/regIR/dffe_reg[28]/q_reg'
INFO: [Synth 8-3886] merging instance 'CPU/executeMemoryLatch/regIR/dffe_reg[5]/q_reg' (FDCE) to 'CPU/executeMemoryLatch/regIR/dffe_reg[28]/q_reg'
INFO: [Synth 8-3886] merging instance 'CPU/executeMemoryLatch/regIR/dffe_reg[7]/q_reg' (FDCE) to 'CPU/executeMemoryLatch/regIR/dffe_reg[28]/q_reg'
INFO: [Synth 8-3886] merging instance 'CPU/executeMemoryLatch/regIR/dffe_reg[9]/q_reg' (FDCE) to 'CPU/executeMemoryLatch/regIR/dffe_reg[28]/q_reg'
INFO: [Synth 8-3886] merging instance 'CPU/executeMemoryLatch/regIR/dffe_reg[11]/q_reg' (FDCE) to 'CPU/executeMemoryLatch/regIR/dffe_reg[28]/q_reg'
INFO: [Synth 8-3886] merging instance 'CPU/executeMemoryLatch/regIR/dffe_reg[13]/q_reg' (FDCE) to 'CPU/executeMemoryLatch/regIR/dffe_reg[28]/q_reg'
INFO: [Synth 8-3886] merging instance 'CPU/executeMemoryLatch/regIR/dffe_reg[15]/q_reg' (FDCE) to 'CPU/executeMemoryLatch/regIR/dffe_reg[28]/q_reg'
INFO: [Synth 8-3886] merging instance 'CPU/executeMemoryLatch/regIR/dffe_reg[29]/q_reg' (FDCE) to 'CPU/executeMemoryLatch/regIR/dffe_reg[25]/q_reg'
INFO: [Synth 8-3886] merging instance 'CPU/memoryWritebackLatch/regIR/dffe_reg[30]/q_reg' (FDCE) to 'CPU/memoryWritebackLatch/regIR/dffe_reg[31]/q_reg'
INFO: [Synth 8-3886] merging instance 'CPU/memoryWritebackLatch/regIR/dffe_reg[21]/q_reg' (FDCE) to 'CPU/memoryWritebackLatch/regIR/dffe_reg[31]/q_reg'
INFO: [Synth 8-3886] merging instance 'CPU/memoryWritebackLatch/regIR/dffe_reg[19]/q_reg' (FDCE) to 'CPU/memoryWritebackLatch/regIR/dffe_reg[31]/q_reg'
INFO: [Synth 8-3886] merging instance 'CPU/memoryWritebackLatch/regIR/dffe_reg[17]/q_reg' (FDCE) to 'CPU/memoryWritebackLatch/regIR/dffe_reg[31]/q_reg'
INFO: [Synth 8-3886] merging instance 'CPU/memoryWritebackLatch/regIR/dffe_reg[18]/q_reg' (FDCE) to 'CPU/memoryWritebackLatch/regIR/dffe_reg[31]/q_reg'
INFO: [Synth 8-3886] merging instance 'CPU/memoryWritebackLatch/regIR/dffe_reg[20]/q_reg' (FDCE) to 'CPU/memoryWritebackLatch/regIR/dffe_reg[31]/q_reg'
INFO: [Synth 8-3886] merging instance 'CPU/memoryWritebackLatch/regIR/dffe_reg[31]/q_reg' (FDCE) to 'CPU/memoryWritebackLatch/regIR/dffe_reg[26]/q_reg'
INFO: [Synth 8-3886] merging instance 'CPU/memoryWritebackLatch/regIR/dffe_reg[15]/q_reg' (FDCE) to 'CPU/memoryWritebackLatch/regIR/dffe_reg[28]/q_reg'
INFO: [Synth 8-3886] merging instance 'CPU/memoryWritebackLatch/regIR/dffe_reg[13]/q_reg' (FDCE) to 'CPU/memoryWritebackLatch/regIR/dffe_reg[28]/q_reg'
INFO: [Synth 8-3886] merging instance 'CPU/memoryWritebackLatch/regIR/dffe_reg[11]/q_reg' (FDCE) to 'CPU/memoryWritebackLatch/regIR/dffe_reg[28]/q_reg'
INFO: [Synth 8-3886] merging instance 'CPU/memoryWritebackLatch/regIR/dffe_reg[9]/q_reg' (FDCE) to 'CPU/memoryWritebackLatch/regIR/dffe_reg[28]/q_reg'
INFO: [Synth 8-3886] merging instance 'CPU/memoryWritebackLatch/regIR/dffe_reg[7]/q_reg' (FDCE) to 'CPU/memoryWritebackLatch/regIR/dffe_reg[28]/q_reg'
INFO: [Synth 8-3886] merging instance 'CPU/memoryWritebackLatch/regIR/dffe_reg[5]/q_reg' (FDCE) to 'CPU/memoryWritebackLatch/regIR/dffe_reg[28]/q_reg'
INFO: [Synth 8-3886] merging instance 'CPU/memoryWritebackLatch/regIR/dffe_reg[3]/q_reg' (FDCE) to 'CPU/memoryWritebackLatch/regIR/dffe_reg[28]/q_reg'
INFO: [Synth 8-3886] merging instance 'CPU/memoryWritebackLatch/regIR/dffe_reg[2]/q_reg' (FDCE) to 'CPU/memoryWritebackLatch/regIR/dffe_reg[28]/q_reg'
INFO: [Synth 8-3886] merging instance 'CPU/memoryWritebackLatch/regIR/dffe_reg[4]/q_reg' (FDCE) to 'CPU/memoryWritebackLatch/regIR/dffe_reg[28]/q_reg'
INFO: [Synth 8-3886] merging instance 'CPU/memoryWritebackLatch/regIR/dffe_reg[6]/q_reg' (FDCE) to 'CPU/memoryWritebackLatch/regIR/dffe_reg[28]/q_reg'
INFO: [Synth 8-3886] merging instance 'CPU/memoryWritebackLatch/regIR/dffe_reg[8]/q_reg' (FDCE) to 'CPU/memoryWritebackLatch/regIR/dffe_reg[28]/q_reg'
INFO: [Synth 8-3886] merging instance 'CPU/memoryWritebackLatch/regIR/dffe_reg[10]/q_reg' (FDCE) to 'CPU/memoryWritebackLatch/regIR/dffe_reg[28]/q_reg'
INFO: [Synth 8-3886] merging instance 'CPU/memoryWritebackLatch/regIR/dffe_reg[12]/q_reg' (FDCE) to 'CPU/memoryWritebackLatch/regIR/dffe_reg[28]/q_reg'
INFO: [Common 17-14] Message 'Synth 8-3886' appears 100 times and further instances of the messages will be disabled. Use the Tcl command set_msg_config to change the current settings.
INFO: [Synth 8-3333] propagating constant 0 across sequential element (CPU/mainMultDiv/\pulseMult/disabler/q_reg )
INFO: [Synth 8-3333] propagating constant 0 across sequential element (CPU/mainMultDiv/\registerDiv/q_reg )
INFO: [Synth 8-3333] propagating constant 0 across sequential element (CPU/segmentWrapper/\RegisterToSegmentRight/regDataLatch/dffe_reg[0]/q_reg )
INFO: [Synth 8-3333] propagating constant 0 across sequential element (CPU/segmentWrapper/\RegisterToSegmentRight/regDataLatch/dffe_reg[1]/q_reg )
INFO: [Synth 8-3333] propagating constant 0 across sequential element (CPU/segmentWrapper/\RegisterToSegmentRight/regDataLatch/dffe_reg[2]/q_reg )
INFO: [Synth 8-3333] propagating constant 0 across sequential element (CPU/segmentWrapper/\RegisterToSegmentRight/regDataLatch/dffe_reg[3]/q_reg )
INFO: [Synth 8-3333] propagating constant 0 across sequential element (CPU/segmentWrapper/\RegisterToSegmentRight/regDataLatch/dffe_reg[15]/q_reg )
INFO: [Synth 8-3333] propagating constant 0 across sequential element (CPU/segmentWrapper/\RegisterToSegmentRight/regDataLatch/dffe_reg[14]/q_reg )
INFO: [Synth 8-3333] propagating constant 0 across sequential element (CPU/segmentWrapper/\RegisterToSegmentRight/regDataLatch/dffe_reg[13]/q_reg )
INFO: [Synth 8-3333] propagating constant 0 across sequential element (CPU/segmentWrapper/\RegisterToSegmentRight/regDataLatch/dffe_reg[12]/q_reg )
INFO: [Synth 8-3333] propagating constant 0 across sequential element (CPU/segmentWrapper/\RegisterToSegmentRight/regDataLatch/dffe_reg[11]/q_reg )
INFO: [Synth 8-3333] propagating constant 0 across sequential element (CPU/segmentWrapper/\RegisterToSegmentRight/regDataLatch/dffe_reg[10]/q_reg )
INFO: [Synth 8-3333] propagating constant 0 across sequential element (CPU/segmentWrapper/\RegisterToSegmentRight/regDataLatch/dffe_reg[9]/q_reg )
INFO: [Synth 8-3333] propagating constant 0 across sequential element (CPU/segmentWrapper/\RegisterToSegmentRight/regDataLatch/dffe_reg[8]/q_reg )
INFO: [Synth 8-3333] propagating constant 0 across sequential element (CPU/segmentWrapper/\RegisterToSegmentRight/regDataLatch/dffe_reg[7]/q_reg )
INFO: [Synth 8-3333] propagating constant 0 across sequential element (CPU/segmentWrapper/\RegisterToSegmentRight/regDataLatch/dffe_reg[6]/q_reg )
INFO: [Synth 8-3333] propagating constant 0 across sequential element (CPU/segmentWrapper/\RegisterToSegmentRight/regDataLatch/dffe_reg[5]/q_reg )
INFO: [Synth 8-3333] propagating constant 0 across sequential element (CPU/segmentWrapper/\RegisterToSegmentRight/regDataLatch/dffe_reg[4]/q_reg )
