Copyright 1986-2020 Xilinx, Inc. All Rights Reserved.
------------------------------------------------------------------------------------
| Tool Version : Vivado v.2020.1 (win64) Build 2902540 Wed May 27 19:54:49 MDT 2020
| Date         : Sun Apr  9 16:58:52 2023
| Host         : nrg-desktop running 64-bit major release  (build 9200)
| Command      : report_control_sets -verbose -file Wrapper_control_sets_placed.rpt
| Design       : Wrapper
| Device       : xc7a100t
------------------------------------------------------------------------------------

Control Set Information

Table of Contents
-----------------
1. Summary
2. Histogram
3. Flip-Flop Distribution
4. Detailed Control Set Information

1. Summary
----------

+----------------------------------------------------------+-------+
|                          Status                          | Count |
+----------------------------------------------------------+-------+
| Total control sets                                       |    41 |
|    Minimum number of control sets                        |    41 |
|    Addition due to synthesis replication                 |     0 |
|    Addition due to physical synthesis replication        |     0 |
| Unused register locations in slices containing registers |    45 |
+----------------------------------------------------------+-------+
* Control sets can be merged at opt_design using control_set_merge or merge_equivalent_drivers
** Run report_qor_suggestions for automated merging and remapping suggestions


2. Histogram
------------

+--------------------+-------+
|       Fanout       | Count |
+--------------------+-------+
| Total control sets |    41 |
| >= 0 to < 4        |     4 |
| >= 4 to < 6        |     0 |
| >= 6 to < 8        |     1 |
| >= 8 to < 10       |     0 |
| >= 10 to < 12      |     0 |
| >= 12 to < 14      |     0 |
| >= 14 to < 16      |     0 |
| >= 16              |    36 |
+--------------------+-------+
* Control sets can be remapped at either synth_design or opt_design


3. Flip-Flop Distribution
-------------------------

+--------------+-----------------------+------------------------+-----------------+--------------+
| Clock Enable | Synchronous Set/Reset | Asynchronous Set/Reset | Total Registers | Total Slices |
+--------------+-----------------------+------------------------+-----------------+--------------+
| No           | No                    | No                     |               6 |            5 |
| No           | No                    | Yes                    |             139 |           79 |
| No           | Yes                   | No                     |              66 |           18 |
| Yes          | No                    | No                     |               0 |            0 |
| Yes          | No                    | Yes                    |            1240 |          450 |
| Yes          | Yes                   | No                     |               0 |            0 |
+--------------+-----------------------+------------------------+-----------------+--------------+


4. Detailed Control Set Information
-----------------------------------

+---------------------------+------------------------------------------------------+-------------------------------------------------------+------------------+----------------+--------------+
|        Clock Signal       |                     Enable Signal                    |                    Set/Reset Signal                   | Slice Load Count | Bel Load Count | Bels / Slice |
+---------------------------+------------------------------------------------------+-------------------------------------------------------+------------------+----------------+--------------+
|  segmentClockDiv/clockReg |                                                      |                                                       |                2 |              2 |         1.00 |
| ~clk_BUFG                 |                                                      |                                                       |                1 |              2 |         2.00 |
| ~clk_BUFG                 |                                                      | CPU/mainMultDiv/divider/counter0/c1/d/multDivDone     |                1 |              2 |         2.00 |
|  clock_IBUF_BUFG          |                                                      |                                                       |                2 |              2 |         1.00 |
|  clk_BUFG                 |                                                      | CPU/mainMultDiv/divider/counter0/c1/d/rst             |                2 |              6 |         3.00 |
|  clk_BUFG                 | CPU/memoryWritebackLatch/regIR/dffe_reg[28]/q_reg_1  | RegisterFile/registers[31].reg32/dffe_reg[31]/resetIn |               10 |             32 |         3.20 |
|  clk_BUFG                 | CPU/memoryWritebackLatch/regIR/dffe_reg[28]/q_reg_14 | RegisterFile/registers[31].reg32/dffe_reg[31]/resetIn |               15 |             32 |         2.13 |
|  clk_BUFG                 | CPU/memoryWritebackLatch/regIR/dffe_reg[28]/q_reg_17 | RegisterFile/registers[31].reg32/dffe_reg[31]/resetIn |               17 |             32 |         1.88 |
|  clk_BUFG                 | CPU/memoryWritebackLatch/regIR/dffe_reg[28]/q_reg_21 | RegisterFile/registers[31].reg32/dffe_reg[31]/resetIn |                7 |             32 |         4.57 |
|  clk_BUFG                 | CPU/memoryWritebackLatch/regIR/dffe_reg[28]/q_reg_11 | RegisterFile/registers[31].reg32/dffe_reg[31]/resetIn |               11 |             32 |         2.91 |
|  clk_BUFG                 | CPU/memoryWritebackLatch/regIR/dffe_reg[28]/q_reg_10 | RegisterFile/registers[31].reg32/dffe_reg[31]/resetIn |                8 |             32 |         4.00 |
|  clk_BUFG                 | CPU/memoryWritebackLatch/regIR/dffe_reg[28]/q_reg_19 | RegisterFile/registers[31].reg32/dffe_reg[31]/resetIn |               12 |             32 |         2.67 |
|  clk_BUFG                 | CPU/memoryWritebackLatch/regIR/dffe_reg[28]/q_reg_15 | RegisterFile/registers[31].reg32/dffe_reg[31]/resetIn |                7 |             32 |         4.57 |
|  clk_BUFG                 | CPU/memoryWritebackLatch/regIR/dffe_reg[28]/q_reg_20 | RegisterFile/registers[31].reg32/dffe_reg[31]/resetIn |               11 |             32 |         2.91 |
|  clk_BUFG                 | CPU/memoryWritebackLatch/regIR/dffe_reg[28]/q_reg_5  | RegisterFile/registers[31].reg32/dffe_reg[31]/resetIn |               10 |             32 |         3.20 |
|  clk_BUFG                 | CPU/memoryWritebackLatch/regIR/dffe_reg[28]/q_reg_6  | RegisterFile/registers[31].reg32/dffe_reg[31]/resetIn |                7 |             32 |         4.57 |
|  clk_BUFG                 | CPU/memoryWritebackLatch/regIR/dffe_reg[28]/q_reg_7  | RegisterFile/registers[31].reg32/dffe_reg[31]/resetIn |                9 |             32 |         3.56 |
|  clk_BUFG                 | CPU/memoryWritebackLatch/regIR/dffe_reg[28]/q_reg_9  | RegisterFile/registers[31].reg32/dffe_reg[31]/resetIn |                9 |             32 |         3.56 |
|  clk_BUFG                 | RegisterFile/selectWriteReg/q_reg                    | RegisterFile/registers[31].reg32/dffe_reg[31]/resetIn |               10 |             32 |         3.20 |
|  clk_BUFG                 | RegisterFile/selectWriteReg/q_reg_0                  | RegisterFile/registers[31].reg32/dffe_reg[31]/resetIn |               10 |             32 |         3.20 |
|  clk_BUFG                 | RegisterFile/selectWriteReg/q_reg_8                  | RegisterFile/registers[31].reg32/dffe_reg[31]/resetIn |               14 |             32 |         2.29 |
|  clk_BUFG                 | RegisterFile/selectWriteReg/q_reg_4                  | RegisterFile/registers[31].reg32/dffe_reg[31]/resetIn |                9 |             32 |         3.56 |
|  clk_BUFG                 | RegisterFile/selectWriteReg/q_reg_17                 | RegisterFile/registers[31].reg32/dffe_reg[31]/resetIn |               10 |             32 |         3.20 |
|  clk_BUFG                 | RegisterFile/selectWriteReg/q_reg_6                  | RegisterFile/registers[31].reg32/dffe_reg[31]/resetIn |                7 |             32 |         4.57 |
|  clk_BUFG                 | RegisterFile/selectWriteReg/q_reg_19                 | RegisterFile/registers[31].reg32/dffe_reg[31]/resetIn |               14 |             32 |         2.29 |
|  clk_BUFG                 | RegisterFile/selectWriteReg/q_reg_11                 | RegisterFile/registers[31].reg32/dffe_reg[31]/resetIn |                9 |             32 |         3.56 |
|  clk_BUFG                 | RegisterFile/selectWriteReg/q_reg_3                  | RegisterFile/registers[31].reg32/dffe_reg[31]/resetIn |               20 |             32 |         1.60 |
|  clk_BUFG                 | RegisterFile/selectWriteReg/q_reg_16                 | RegisterFile/registers[31].reg32/dffe_reg[31]/resetIn |                8 |             32 |         4.00 |
|  clk_BUFG                 | RegisterFile/selectWriteReg/q_reg_5                  | RegisterFile/registers[31].reg32/dffe_reg[31]/resetIn |                9 |             32 |         3.56 |
|  clk_BUFG                 | RegisterFile/selectWriteReg/q_reg_9                  | RegisterFile/registers[31].reg32/dffe_reg[31]/resetIn |               11 |             32 |         2.91 |
|  clk_BUFG                 | RegisterFile/selectWriteReg/q_reg_10                 | RegisterFile/registers[31].reg32/dffe_reg[31]/resetIn |                9 |             32 |         3.56 |
|  clk_BUFG                 | RegisterFile/selectWriteReg/q_reg_13                 | RegisterFile/registers[31].reg32/dffe_reg[31]/resetIn |               10 |             32 |         3.20 |
|  clk_BUFG                 | RegisterFile/selectWriteReg/q_reg_15                 | RegisterFile/registers[31].reg32/dffe_reg[31]/resetIn |                9 |             32 |         3.56 |
|  clk_BUFG                 | RegisterFile/selectWriteReg/q_reg_1                  | RegisterFile/registers[31].reg32/dffe_reg[31]/resetIn |               10 |             32 |         3.20 |
|  clk_BUFG                 | CPU/memoryWritebackLatch/regIR/dffe_reg[28]/q_reg_12 | RegisterFile/registers[31].reg32/dffe_reg[31]/resetIn |                9 |             32 |         3.56 |
|  clk_BUFG                 | CPU/memoryWritebackLatch/regIR/dffe_reg[28]/q_reg_16 | RegisterFile/registers[31].reg32/dffe_reg[31]/resetIn |                6 |             32 |         5.33 |
|  clock_IBUF_BUFG          |                                                      | mainClockDiv/clear                                    |                9 |             33 |         3.67 |
|  clock_IBUF_BUFG          |                                                      | segmentClockDiv/count[0]_i_1_n_0                      |                9 |             33 |         3.67 |
|  clk_BUFG                 | CPU/mainMultDiv/multiplier/counter0/c0/d/q_reg_4     | CPU/mainMultDiv/divider/counter0/c1/d/q_reg_2         |               27 |             64 |         2.37 |
|  clk_BUFG                 |                                                      | CPU/mainMultDiv/divider/counter0/c1/d/q_reg_2         |               76 |            131 |         1.72 |
| ~clk_BUFG                 | CPU/decodeExecuteLatch/reg1/dffe_reg[14]/q_reg_1     | RegisterFile/registers[31].reg32/dffe_reg[31]/resetIn |              106 |            184 |         1.74 |
+---------------------------+------------------------------------------------------+-------------------------------------------------------+------------------+----------------+--------------+


