INFO: [VRFC 10-2263] Analyzing Verilog file "C:/Users/nolan/Duke/ece350/ece350-32bit-cpu/vivado/vivado.sim/sim_1/impl/timing/xsim/Wrapper_tb_time_impl.v" into library xil_defaultlib
INFO: [VRFC 10-311] analyzing module ClockDivider
INFO: [VRFC 10-311] analyzing module ClockDivider_0
INFO: [VRFC 10-311] analyzing module DecodeExecute
INFO: [VRFC 10-311] analyzing module ExecuteMemory
INFO: [VRFC 10-311] analyzing module FetchDecode
INFO: [VRFC 10-311] analyzing module MemoryWriteback
INFO: [VRFC 10-311] analyzing module ProgramCounter
INFO: [VRFC 10-311] analyzing module Pulse
INFO: [VRFC 10-311] analyzing module Pulse_1079
INFO: [VRFC 10-311] analyzing module ROM
INFO: [VRFC 10-311] analyzing module SwitchToSegment
INFO: [VRFC 10-311] analyzing module Wrapper
INFO: [VRFC 10-311] analyzing module counter_16
INFO: [VRFC 10-311] analyzing module counter_32
INFO: [VRFC 10-311] analyzing module decoder_32
INFO: [VRFC 10-311] analyzing module decoder_32_1
INFO: [VRFC 10-311] analyzing module decoder_32_32
INFO: [VRFC 10-311] analyzing module dffe_ref
INFO: [VRFC 10-311] analyzing module dffe_ref_100
INFO: [VRFC 10-311] analyzing module dffe_ref_1000
INFO: [VRFC 10-311] analyzing module dffe_ref_1001
INFO: [VRFC 10-311] analyzing module dffe_ref_1002
INFO: [VRFC 10-311] analyzing module dffe_ref_1003
INFO: [VRFC 10-311] analyzing module dffe_ref_1004
INFO: [VRFC 10-311] analyzing module dffe_ref_1005
INFO: [VRFC 10-311] analyzing module dffe_ref_1006
INFO: [VRFC 10-311] analyzing module dffe_ref_1007
INFO: [VRFC 10-311] analyzing module dffe_ref_1008
INFO: [VRFC 10-311] analyzing module dffe_ref_1009
INFO: [VRFC 10-311] analyzing module dffe_ref_101
INFO: [VRFC 10-311] analyzing module dffe_ref_1010
INFO: [VRFC 10-311] analyzing module dffe_ref_1011
INFO: [VRFC 10-311] analyzing module dffe_ref_1012
INFO: [VRFC 10-311] analyzing module dffe_ref_1013
INFO: [VRFC 10-311] analyzing module dffe_ref_1014
INFO: [VRFC 10-311] analyzing module dffe_ref_1015
INFO: [VRFC 10-311] analyzing module dffe_ref_1016
INFO: [VRFC 10-311] analyzing module dffe_ref_1017
INFO: [VRFC 10-311] analyzing module dffe_ref_1018
INFO: [VRFC 10-311] analyzing module dffe_ref_1019
INFO: [VRFC 10-311] analyzing module dffe_ref_102
INFO: [VRFC 10-311] analyzing module dffe_ref_1020
INFO: [VRFC 10-311] analyzing module dffe_ref_1021
INFO: [VRFC 10-311] analyzing module dffe_ref_1022
INFO: [VRFC 10-311] analyzing module dffe_ref_1023
INFO: [VRFC 10-311] analyzing module dffe_ref_1025
INFO: [VRFC 10-311] analyzing module dffe_ref_1026
INFO: [VRFC 10-311] analyzing module dffe_ref_1027
INFO: [VRFC 10-311] analyzing module dffe_ref_1028
INFO: [VRFC 10-311] analyzing module dffe_ref_1029
INFO: [VRFC 10-311] analyzing module dffe_ref_103
INFO: [VRFC 10-311] analyzing module dffe_ref_1030
INFO: [VRFC 10-311] analyzing module dffe_ref_1031
INFO: [VRFC 10-311] analyzing module dffe_ref_1032
INFO: [VRFC 10-311] analyzing module dffe_ref_1033
INFO: [VRFC 10-311] analyzing module dffe_ref_1034
INFO: [VRFC 10-311] analyzing module dffe_ref_1035
INFO: [VRFC 10-311] analyzing module dffe_ref_1036
INFO: [VRFC 10-311] analyzing module dffe_ref_1037
INFO: [VRFC 10-311] analyzing module dffe_ref_104
INFO: [VRFC 10-311] analyzing module dffe_ref_1040
INFO: [VRFC 10-311] analyzing module dffe_ref_1041
INFO: [VRFC 10-311] analyzing module dffe_ref_1042
INFO: [VRFC 10-311] analyzing module dffe_ref_1043
INFO: [VRFC 10-311] analyzing module dffe_ref_1044
INFO: [VRFC 10-311] analyzing module dffe_ref_1045
INFO: [VRFC 10-311] analyzing module dffe_ref_1046
INFO: [VRFC 10-311] analyzing module dffe_ref_1047
INFO: [VRFC 10-311] analyzing module dffe_ref_1048
INFO: [VRFC 10-311] analyzing module dffe_ref_1049
INFO: [VRFC 10-311] analyzing module dffe_ref_105
INFO: [VRFC 10-311] analyzing module dffe_ref_1050
INFO: [VRFC 10-311] analyzing module dffe_ref_1051
INFO: [VRFC 10-311] analyzing module dffe_ref_1052
INFO: [VRFC 10-311] analyzing module dffe_ref_1053
INFO: [VRFC 10-311] analyzing module dffe_ref_1054
INFO: [VRFC 10-311] analyzing module dffe_ref_1055
INFO: [VRFC 10-311] analyzing module dffe_ref_1056
INFO: [VRFC 10-311] analyzing module dffe_ref_1057
INFO: [VRFC 10-311] analyzing module dffe_ref_1058
INFO: [VRFC 10-311] analyzing module dffe_ref_1059
INFO: [VRFC 10-311] analyzing module dffe_ref_106
INFO: [VRFC 10-311] analyzing module dffe_ref_1060
INFO: [VRFC 10-311] analyzing module dffe_ref_1061
INFO: [VRFC 10-311] analyzing module dffe_ref_1062
INFO: [VRFC 10-311] analyzing module dffe_ref_1063
INFO: [VRFC 10-311] analyzing module dffe_ref_1064
INFO: [VRFC 10-311] analyzing module dffe_ref_1065
INFO: [VRFC 10-311] analyzing module dffe_ref_1066
INFO: [VRFC 10-311] analyzing module dffe_ref_1067
INFO: [VRFC 10-311] analyzing module dffe_ref_1068
INFO: [VRFC 10-311] analyzing module dffe_ref_1069
INFO: [VRFC 10-311] analyzing module dffe_ref_107
INFO: [VRFC 10-311] analyzing module dffe_ref_1070
INFO: [VRFC 10-311] analyzing module dffe_ref_1071
INFO: [VRFC 10-311] analyzing module dffe_ref_1072
INFO: [VRFC 10-311] analyzing module dffe_ref_1073
INFO: [VRFC 10-311] analyzing module dffe_ref_1074
INFO: [VRFC 10-311] analyzing module dffe_ref_1075
INFO: [VRFC 10-311] analyzing module dffe_ref_1076
INFO: [VRFC 10-311] analyzing module dffe_ref_1078
INFO: [VRFC 10-311] analyzing module dffe_ref_108
INFO: [VRFC 10-311] analyzing module dffe_ref_1082
INFO: [VRFC 10-311] analyzing module dffe_ref_1083
INFO: [VRFC 10-311] analyzing module dffe_ref_1084
INFO: [VRFC 10-311] analyzing module dffe_ref_1085
INFO: [VRFC 10-311] analyzing module dffe_ref_1086
INFO: [VRFC 10-311] analyzing module dffe_ref_1087
INFO: [VRFC 10-311] analyzing module dffe_ref_1088
INFO: [VRFC 10-311] analyzing module dffe_ref_1089
INFO: [VRFC 10-311] analyzing module dffe_ref_109
INFO: [VRFC 10-311] analyzing module dffe_ref_1090
INFO: [VRFC 10-311] analyzing module dffe_ref_1091
INFO: [VRFC 10-311] analyzing module dffe_ref_1092
INFO: [VRFC 10-311] analyzing module dffe_ref_1093
INFO: [VRFC 10-311] analyzing module dffe_ref_1094
INFO: [VRFC 10-311] analyzing module dffe_ref_1095
INFO: [VRFC 10-311] analyzing module dffe_ref_1096
INFO: [VRFC 10-311] analyzing module dffe_ref_1097
INFO: [VRFC 10-311] analyzing module dffe_ref_1098
INFO: [VRFC 10-311] analyzing module dffe_ref_1099
INFO: [VRFC 10-311] analyzing module dffe_ref_110
INFO: [VRFC 10-311] analyzing module dffe_ref_1100
INFO: [VRFC 10-311] analyzing module dffe_ref_1101
INFO: [VRFC 10-311] analyzing module dffe_ref_1102
INFO: [VRFC 10-311] analyzing module dffe_ref_1103
INFO: [VRFC 10-311] analyzing module dffe_ref_1104
INFO: [VRFC 10-311] analyzing module dffe_ref_1105
INFO: [VRFC 10-311] analyzing module dffe_ref_1106
INFO: [VRFC 10-311] analyzing module dffe_ref_1107
INFO: [VRFC 10-311] analyzing module dffe_ref_1108
INFO: [VRFC 10-311] analyzing module dffe_ref_1109
INFO: [VRFC 10-311] analyzing module dffe_ref_111
INFO: [VRFC 10-311] analyzing module dffe_ref_1110
INFO: [VRFC 10-311] analyzing module dffe_ref_1111
INFO: [VRFC 10-311] analyzing module dffe_ref_1112
INFO: [VRFC 10-311] analyzing module dffe_ref_1113
INFO: [VRFC 10-311] analyzing module dffe_ref_1114
INFO: [VRFC 10-311] analyzing module dffe_ref_1115
INFO: [VRFC 10-311] analyzing module dffe_ref_1116
INFO: [VRFC 10-311] analyzing module dffe_ref_1117
INFO: [VRFC 10-311] analyzing module dffe_ref_1118
INFO: [VRFC 10-311] analyzing module dffe_ref_1119
INFO: [VRFC 10-311] analyzing module dffe_ref_112
INFO: [VRFC 10-311] analyzing module dffe_ref_1120
INFO: [VRFC 10-311] analyzing module dffe_ref_1121
INFO: [VRFC 10-311] analyzing module dffe_ref_1122
INFO: [VRFC 10-311] analyzing module dffe_ref_1123
INFO: [VRFC 10-311] analyzing module dffe_ref_1124
INFO: [VRFC 10-311] analyzing module dffe_ref_1125
INFO: [VRFC 10-311] analyzing module dffe_ref_1126
INFO: [VRFC 10-311] analyzing module dffe_ref_1127
INFO: [VRFC 10-311] analyzing module dffe_ref_1128
INFO: [VRFC 10-311] analyzing module dffe_ref_1129
INFO: [VRFC 10-311] analyzing module dffe_ref_113
INFO: [VRFC 10-311] analyzing module dffe_ref_1130
INFO: [VRFC 10-311] analyzing module dffe_ref_1131
INFO: [VRFC 10-311] analyzing module dffe_ref_1132
INFO: [VRFC 10-311] analyzing module dffe_ref_1133
INFO: [VRFC 10-311] analyzing module dffe_ref_1134
INFO: [VRFC 10-311] analyzing module dffe_ref_1135
INFO: [VRFC 10-311] analyzing module dffe_ref_1136
INFO: [VRFC 10-311] analyzing module dffe_ref_1137
INFO: [VRFC 10-311] analyzing module dffe_ref_1138
INFO: [VRFC 10-311] analyzing module dffe_ref_1139
INFO: [VRFC 10-311] analyzing module dffe_ref_114
INFO: [VRFC 10-311] analyzing module dffe_ref_1140
INFO: [VRFC 10-311] analyzing module dffe_ref_1141
INFO: [VRFC 10-311] analyzing module dffe_ref_1142
INFO: [VRFC 10-311] analyzing module dffe_ref_1143
INFO: [VRFC 10-311] analyzing module dffe_ref_1144
INFO: [VRFC 10-311] analyzing module dffe_ref_1145
INFO: [VRFC 10-311] analyzing module dffe_ref_1146
INFO: [VRFC 10-311] analyzing module dffe_ref_1147
INFO: [VRFC 10-311] analyzing module dffe_ref_1148
INFO: [VRFC 10-311] analyzing module dffe_ref_1149
INFO: [VRFC 10-311] analyzing module dffe_ref_115
INFO: [VRFC 10-311] analyzing module dffe_ref_1150
INFO: [VRFC 10-311] analyzing module dffe_ref_1151
INFO: [VRFC 10-311] analyzing module dffe_ref_1152
INFO: [VRFC 10-311] analyzing module dffe_ref_1153
INFO: [VRFC 10-311] analyzing module dffe_ref_1154
INFO: [VRFC 10-311] analyzing module dffe_ref_1155
INFO: [VRFC 10-311] analyzing module dffe_ref_1156
INFO: [VRFC 10-311] analyzing module dffe_ref_1157
INFO: [VRFC 10-311] analyzing module dffe_ref_1158
INFO: [VRFC 10-311] analyzing module dffe_ref_1159
INFO: [VRFC 10-311] analyzing module dffe_ref_116
INFO: [VRFC 10-311] analyzing module dffe_ref_1160
INFO: [VRFC 10-311] analyzing module dffe_ref_1161
INFO: [VRFC 10-311] analyzing module dffe_ref_1162
INFO: [VRFC 10-311] analyzing module dffe_ref_1163
INFO: [VRFC 10-311] analyzing module dffe_ref_1164
INFO: [VRFC 10-311] analyzing module dffe_ref_1165
INFO: [VRFC 10-311] analyzing module dffe_ref_1166
INFO: [VRFC 10-311] analyzing module dffe_ref_1167
INFO: [VRFC 10-311] analyzing module dffe_ref_1168
INFO: [VRFC 10-311] analyzing module dffe_ref_1169
INFO: [VRFC 10-311] analyzing module dffe_ref_117
INFO: [VRFC 10-311] analyzing module dffe_ref_1170
INFO: [VRFC 10-311] analyzing module dffe_ref_1171
INFO: [VRFC 10-311] analyzing module dffe_ref_1172
INFO: [VRFC 10-311] analyzing module dffe_ref_1173
INFO: [VRFC 10-311] analyzing module dffe_ref_1174
INFO: [VRFC 10-311] analyzing module dffe_ref_1175
INFO: [VRFC 10-311] analyzing module dffe_ref_1176
INFO: [VRFC 10-311] analyzing module dffe_ref_1177
INFO: [VRFC 10-311] analyzing module dffe_ref_1178
INFO: [VRFC 10-311] analyzing module dffe_ref_1179
INFO: [VRFC 10-311] analyzing module dffe_ref_118
INFO: [VRFC 10-311] analyzing module dffe_ref_1180
INFO: [VRFC 10-311] analyzing module dffe_ref_1181
INFO: [VRFC 10-311] analyzing module dffe_ref_1182
INFO: [VRFC 10-311] analyzing module dffe_ref_1183
INFO: [VRFC 10-311] analyzing module dffe_ref_1184
INFO: [VRFC 10-311] analyzing module dffe_ref_1185
INFO: [VRFC 10-311] analyzing module dffe_ref_1186
INFO: [VRFC 10-311] analyzing module dffe_ref_1187
INFO: [VRFC 10-311] analyzing module dffe_ref_1188
INFO: [VRFC 10-311] analyzing module dffe_ref_1189
INFO: [VRFC 10-311] analyzing module dffe_ref_119
INFO: [VRFC 10-311] analyzing module dffe_ref_1190
INFO: [VRFC 10-311] analyzing module dffe_ref_1191
INFO: [VRFC 10-311] analyzing module dffe_ref_1192
INFO: [VRFC 10-311] analyzing module dffe_ref_1193
INFO: [VRFC 10-311] analyzing module dffe_ref_1194
INFO: [VRFC 10-311] analyzing module dffe_ref_1195
INFO: [VRFC 10-311] analyzing module dffe_ref_1196
INFO: [VRFC 10-311] analyzing module dffe_ref_1197
INFO: [VRFC 10-311] analyzing module dffe_ref_1198
INFO: [VRFC 10-311] analyzing module dffe_ref_1199
INFO: [VRFC 10-311] analyzing module dffe_ref_120
INFO: [VRFC 10-311] analyzing module dffe_ref_1200
INFO: [VRFC 10-311] analyzing module dffe_ref_1201
INFO: [VRFC 10-311] analyzing module dffe_ref_1202
INFO: [VRFC 10-311] analyzing module dffe_ref_1203
INFO: [VRFC 10-311] analyzing module dffe_ref_1204
INFO: [VRFC 10-311] analyzing module dffe_ref_1205
INFO: [VRFC 10-311] analyzing module dffe_ref_1206
INFO: [VRFC 10-311] analyzing module dffe_ref_1207
INFO: [VRFC 10-311] analyzing module dffe_ref_1208
INFO: [VRFC 10-311] analyzing module dffe_ref_1209
INFO: [VRFC 10-311] analyzing module dffe_ref_121
INFO: [VRFC 10-311] analyzing module dffe_ref_1210
INFO: [VRFC 10-311] analyzing module dffe_ref_1211
INFO: [VRFC 10-311] analyzing module dffe_ref_1212
INFO: [VRFC 10-311] analyzing module dffe_ref_1217
INFO: [VRFC 10-311] analyzing module dffe_ref_1218
INFO: [VRFC 10-311] analyzing module dffe_ref_1219
INFO: [VRFC 10-311] analyzing module dffe_ref_122
INFO: [VRFC 10-311] analyzing module dffe_ref_1220
INFO: [VRFC 10-311] analyzing module dffe_ref_1221
INFO: [VRFC 10-311] analyzing module dffe_ref_1223
INFO: [VRFC 10-311] analyzing module dffe_ref_1224
INFO: [VRFC 10-311] analyzing module dffe_ref_1225
INFO: [VRFC 10-311] analyzing module dffe_ref_1226
INFO: [VRFC 10-311] analyzing module dffe_ref_1227
INFO: [VRFC 10-311] analyzing module dffe_ref_1228
INFO: [VRFC 10-311] analyzing module dffe_ref_1229
INFO: [VRFC 10-311] analyzing module dffe_ref_123
INFO: [VRFC 10-311] analyzing module dffe_ref_1230
INFO: [VRFC 10-311] analyzing module dffe_ref_1231
INFO: [VRFC 10-311] analyzing module dffe_ref_1232
INFO: [VRFC 10-311] analyzing module dffe_ref_1233
INFO: [VRFC 10-311] analyzing module dffe_ref_1234
INFO: [VRFC 10-311] analyzing module dffe_ref_1235
INFO: [VRFC 10-311] analyzing module dffe_ref_1236
INFO: [VRFC 10-311] analyzing module dffe_ref_1237
INFO: [VRFC 10-311] analyzing module dffe_ref_1238
INFO: [VRFC 10-311] analyzing module dffe_ref_1239
INFO: [VRFC 10-311] analyzing module dffe_ref_124
INFO: [VRFC 10-311] analyzing module dffe_ref_1240
INFO: [VRFC 10-311] analyzing module dffe_ref_1241
INFO: [VRFC 10-311] analyzing module dffe_ref_1242
INFO: [VRFC 10-311] analyzing module dffe_ref_1243
INFO: [VRFC 10-311] analyzing module dffe_ref_1244
INFO: [VRFC 10-311] analyzing module dffe_ref_1245
INFO: [VRFC 10-311] analyzing module dffe_ref_1246
INFO: [VRFC 10-311] analyzing module dffe_ref_1247
INFO: [VRFC 10-311] analyzing module dffe_ref_1248
INFO: [VRFC 10-311] analyzing module dffe_ref_1249
INFO: [VRFC 10-311] analyzing module dffe_ref_125
INFO: [VRFC 10-311] analyzing module dffe_ref_1250
INFO: [VRFC 10-311] analyzing module dffe_ref_1251
INFO: [VRFC 10-311] analyzing module dffe_ref_1252
INFO: [VRFC 10-311] analyzing module dffe_ref_1253
INFO: [VRFC 10-311] analyzing module dffe_ref_1254
INFO: [VRFC 10-311] analyzing module dffe_ref_1255
INFO: [VRFC 10-311] analyzing module dffe_ref_1256
INFO: [VRFC 10-311] analyzing module dffe_ref_1257
INFO: [VRFC 10-311] analyzing module dffe_ref_1258
INFO: [VRFC 10-311] analyzing module dffe_ref_1259
INFO: [VRFC 10-311] analyzing module dffe_ref_126
INFO: [VRFC 10-311] analyzing module dffe_ref_1260
INFO: [VRFC 10-311] analyzing module dffe_ref_1261
INFO: [VRFC 10-311] analyzing module dffe_ref_1262
INFO: [VRFC 10-311] analyzing module dffe_ref_1263
INFO: [VRFC 10-311] analyzing module dffe_ref_1264
INFO: [VRFC 10-311] analyzing module dffe_ref_1265
INFO: [VRFC 10-311] analyzing module dffe_ref_1266
INFO: [VRFC 10-311] analyzing module dffe_ref_1267
INFO: [VRFC 10-311] analyzing module dffe_ref_1268
INFO: [VRFC 10-311] analyzing module dffe_ref_1269
INFO: [VRFC 10-311] analyzing module dffe_ref_127
INFO: [VRFC 10-311] analyzing module dffe_ref_1270
INFO: [VRFC 10-311] analyzing module dffe_ref_1271
INFO: [VRFC 10-311] analyzing module dffe_ref_1272
INFO: [VRFC 10-311] analyzing module dffe_ref_1273
INFO: [VRFC 10-311] analyzing module dffe_ref_1274
INFO: [VRFC 10-311] analyzing module dffe_ref_1275
INFO: [VRFC 10-311] analyzing module dffe_ref_1276
INFO: [VRFC 10-311] analyzing module dffe_ref_1277
INFO: [VRFC 10-311] analyzing module dffe_ref_1278
INFO: [VRFC 10-311] analyzing module dffe_ref_1279
INFO: [VRFC 10-311] analyzing module dffe_ref_128
INFO: [VRFC 10-311] analyzing module dffe_ref_1280
INFO: [VRFC 10-311] analyzing module dffe_ref_1281
INFO: [VRFC 10-311] analyzing module dffe_ref_1282
INFO: [VRFC 10-311] analyzing module dffe_ref_1283
INFO: [VRFC 10-311] analyzing module dffe_ref_1284
INFO: [VRFC 10-311] analyzing module dffe_ref_1285
INFO: [VRFC 10-311] analyzing module dffe_ref_129
INFO: [VRFC 10-311] analyzing module dffe_ref_1292
INFO: [VRFC 10-311] analyzing module dffe_ref_1293
INFO: [VRFC 10-311] analyzing module dffe_ref_1294
INFO: [VRFC 10-311] analyzing module dffe_ref_1295
INFO: [VRFC 10-311] analyzing module dffe_ref_1296
INFO: [VRFC 10-311] analyzing module dffe_ref_1297
INFO: [VRFC 10-311] analyzing module dffe_ref_1299
INFO: [VRFC 10-311] analyzing module dffe_ref_130
INFO: [VRFC 10-311] analyzing module dffe_ref_1300
INFO: [VRFC 10-311] analyzing module dffe_ref_1301
INFO: [VRFC 10-311] analyzing module dffe_ref_1302
INFO: [VRFC 10-311] analyzing module dffe_ref_1303
INFO: [VRFC 10-311] analyzing module dffe_ref_1304
INFO: [VRFC 10-311] analyzing module dffe_ref_1305
INFO: [VRFC 10-311] analyzing module dffe_ref_1306
INFO: [VRFC 10-311] analyzing module dffe_ref_1307
INFO: [VRFC 10-311] analyzing module dffe_ref_1308
INFO: [VRFC 10-311] analyzing module dffe_ref_131
INFO: [VRFC 10-311] analyzing module dffe_ref_1311
INFO: [VRFC 10-311] analyzing module dffe_ref_1312
INFO: [VRFC 10-311] analyzing module dffe_ref_1313
INFO: [VRFC 10-311] analyzing module dffe_ref_1314
INFO: [VRFC 10-311] analyzing module dffe_ref_1315
INFO: [VRFC 10-311] analyzing module dffe_ref_1316
INFO: [VRFC 10-311] analyzing module dffe_ref_1317
INFO: [VRFC 10-311] analyzing module dffe_ref_1318
INFO: [VRFC 10-311] analyzing module dffe_ref_1319
INFO: [VRFC 10-311] analyzing module dffe_ref_132
INFO: [VRFC 10-311] analyzing module dffe_ref_1320
INFO: [VRFC 10-311] analyzing module dffe_ref_1321
INFO: [VRFC 10-311] analyzing module dffe_ref_1322
INFO: [VRFC 10-311] analyzing module dffe_ref_1323
INFO: [VRFC 10-311] analyzing module dffe_ref_1324
INFO: [VRFC 10-311] analyzing module dffe_ref_1325
INFO: [VRFC 10-311] analyzing module dffe_ref_1326
INFO: [VRFC 10-311] analyzing module dffe_ref_1327
INFO: [VRFC 10-311] analyzing module dffe_ref_1328
INFO: [VRFC 10-311] analyzing module dffe_ref_1329
INFO: [VRFC 10-311] analyzing module dffe_ref_133
INFO: [VRFC 10-311] analyzing module dffe_ref_1330
INFO: [VRFC 10-311] analyzing module dffe_ref_1331
INFO: [VRFC 10-311] analyzing module dffe_ref_1332
INFO: [VRFC 10-311] analyzing module dffe_ref_1333
INFO: [VRFC 10-311] analyzing module dffe_ref_1334
INFO: [VRFC 10-311] analyzing module dffe_ref_1335
INFO: [VRFC 10-311] analyzing module dffe_ref_1336
INFO: [VRFC 10-311] analyzing module dffe_ref_1337
INFO: [VRFC 10-311] analyzing module dffe_ref_1338
INFO: [VRFC 10-311] analyzing module dffe_ref_1339
INFO: [VRFC 10-311] analyzing module dffe_ref_134
INFO: [VRFC 10-311] analyzing module dffe_ref_1340
INFO: [VRFC 10-311] analyzing module dffe_ref_1341
INFO: [VRFC 10-311] analyzing module dffe_ref_1342
INFO: [VRFC 10-311] analyzing module dffe_ref_1343
INFO: [VRFC 10-311] analyzing module dffe_ref_1344
INFO: [VRFC 10-311] analyzing module dffe_ref_1345
INFO: [VRFC 10-311] analyzing module dffe_ref_1346
INFO: [VRFC 10-311] analyzing module dffe_ref_1347
INFO: [VRFC 10-311] analyzing module dffe_ref_1349
INFO: [VRFC 10-311] analyzing module dffe_ref_135
INFO: [VRFC 10-311] analyzing module dffe_ref_1353
INFO: [VRFC 10-311] analyzing module dffe_ref_1354
INFO: [VRFC 10-311] analyzing module dffe_ref_1355
INFO: [VRFC 10-311] analyzing module dffe_ref_1356
INFO: [VRFC 10-311] analyzing module dffe_ref_1357
INFO: [VRFC 10-311] analyzing module dffe_ref_1358
INFO: [VRFC 10-311] analyzing module dffe_ref_1359
INFO: [VRFC 10-311] analyzing module dffe_ref_136
INFO: [VRFC 10-311] analyzing module dffe_ref_1360
INFO: [VRFC 10-311] analyzing module dffe_ref_1361
INFO: [VRFC 10-311] analyzing module dffe_ref_1362
INFO: [VRFC 10-311] analyzing module dffe_ref_1363
INFO: [VRFC 10-311] analyzing module dffe_ref_1364
INFO: [VRFC 10-311] analyzing module dffe_ref_1365
INFO: [VRFC 10-311] analyzing module dffe_ref_1366
INFO: [VRFC 10-311] analyzing module dffe_ref_1367
INFO: [VRFC 10-311] analyzing module dffe_ref_1368
INFO: [VRFC 10-311] analyzing module dffe_ref_1369
INFO: [VRFC 10-311] analyzing module dffe_ref_137
INFO: [VRFC 10-311] analyzing module dffe_ref_1370
INFO: [VRFC 10-311] analyzing module dffe_ref_1371
INFO: [VRFC 10-311] analyzing module dffe_ref_1372
INFO: [VRFC 10-311] analyzing module dffe_ref_1373
INFO: [VRFC 10-311] analyzing module dffe_ref_1374
INFO: [VRFC 10-311] analyzing module dffe_ref_1375
INFO: [VRFC 10-311] analyzing module dffe_ref_1376
INFO: [VRFC 10-311] analyzing module dffe_ref_1377
INFO: [VRFC 10-311] analyzing module dffe_ref_1378
INFO: [VRFC 10-311] analyzing module dffe_ref_1379
INFO: [VRFC 10-311] analyzing module dffe_ref_138
INFO: [VRFC 10-311] analyzing module dffe_ref_1380
INFO: [VRFC 10-311] analyzing module dffe_ref_1381
INFO: [VRFC 10-311] analyzing module dffe_ref_1382
INFO: [VRFC 10-311] analyzing module dffe_ref_1383
INFO: [VRFC 10-311] analyzing module dffe_ref_1384
INFO: [VRFC 10-311] analyzing module dffe_ref_1385
INFO: [VRFC 10-311] analyzing module dffe_ref_1386
INFO: [VRFC 10-311] analyzing module dffe_ref_1387
INFO: [VRFC 10-311] analyzing module dffe_ref_1388
INFO: [VRFC 10-311] analyzing module dffe_ref_1389
INFO: [VRFC 10-311] analyzing module dffe_ref_139
INFO: [VRFC 10-311] analyzing module dffe_ref_1390
INFO: [VRFC 10-311] analyzing module dffe_ref_1391
INFO: [VRFC 10-311] analyzing module dffe_ref_1392
INFO: [VRFC 10-311] analyzing module dffe_ref_1393
INFO: [VRFC 10-311] analyzing module dffe_ref_1394
INFO: [VRFC 10-311] analyzing module dffe_ref_1395
INFO: [VRFC 10-311] analyzing module dffe_ref_1396
INFO: [VRFC 10-311] analyzing module dffe_ref_1397
INFO: [VRFC 10-311] analyzing module dffe_ref_1398
INFO: [VRFC 10-311] analyzing module dffe_ref_1399
INFO: [VRFC 10-311] analyzing module dffe_ref_140
INFO: [VRFC 10-311] analyzing module dffe_ref_1400
INFO: [VRFC 10-311] analyzing module dffe_ref_1401
INFO: [VRFC 10-311] analyzing module dffe_ref_1402
INFO: [VRFC 10-311] analyzing module dffe_ref_1403
INFO: [VRFC 10-311] analyzing module dffe_ref_1404
INFO: [VRFC 10-311] analyzing module dffe_ref_1405
INFO: [VRFC 10-311] analyzing module dffe_ref_1406
INFO: [VRFC 10-311] analyzing module dffe_ref_1407
INFO: [VRFC 10-311] analyzing module dffe_ref_1408
INFO: [VRFC 10-311] analyzing module dffe_ref_1409
INFO: [VRFC 10-311] analyzing module dffe_ref_141
INFO: [VRFC 10-311] analyzing module dffe_ref_1410
INFO: [VRFC 10-311] analyzing module dffe_ref_1411
INFO: [VRFC 10-311] analyzing module dffe_ref_1412
INFO: [VRFC 10-311] analyzing module dffe_ref_1413
INFO: [VRFC 10-311] analyzing module dffe_ref_1414
INFO: [VRFC 10-311] analyzing module dffe_ref_1415
INFO: [VRFC 10-311] analyzing module dffe_ref_1416
INFO: [VRFC 10-311] analyzing module dffe_ref_1417
INFO: [VRFC 10-311] analyzing module dffe_ref_1418
INFO: [VRFC 10-311] analyzing module dffe_ref_1419
INFO: [VRFC 10-311] analyzing module dffe_ref_142
INFO: [VRFC 10-311] analyzing module dffe_ref_1420
INFO: [VRFC 10-311] analyzing module dffe_ref_1421
INFO: [VRFC 10-311] analyzing module dffe_ref_1422
INFO: [VRFC 10-311] analyzing module dffe_ref_1423
INFO: [VRFC 10-311] analyzing module dffe_ref_1424
INFO: [VRFC 10-311] analyzing module dffe_ref_1425
INFO: [VRFC 10-311] analyzing module dffe_ref_143
INFO: [VRFC 10-311] analyzing module dffe_ref_144
INFO: [VRFC 10-311] analyzing module dffe_ref_145
INFO: [VRFC 10-311] analyzing module dffe_ref_146
INFO: [VRFC 10-311] analyzing module dffe_ref_147
INFO: [VRFC 10-311] analyzing module dffe_ref_148
INFO: [VRFC 10-311] analyzing module dffe_ref_149
INFO: [VRFC 10-311] analyzing module dffe_ref_150
INFO: [VRFC 10-311] analyzing module dffe_ref_151
INFO: [VRFC 10-311] analyzing module dffe_ref_152
INFO: [VRFC 10-311] analyzing module dffe_ref_153
INFO: [VRFC 10-311] analyzing module dffe_ref_154
INFO: [VRFC 10-311] analyzing module dffe_ref_155
INFO: [VRFC 10-311] analyzing module dffe_ref_156
INFO: [VRFC 10-311] analyzing module dffe_ref_157
INFO: [VRFC 10-311] analyzing module dffe_ref_158
INFO: [VRFC 10-311] analyzing module dffe_ref_159
INFO: [VRFC 10-311] analyzing module dffe_ref_160
INFO: [VRFC 10-311] analyzing module dffe_ref_161
INFO: [VRFC 10-311] analyzing module dffe_ref_162
INFO: [VRFC 10-311] analyzing module dffe_ref_163
INFO: [VRFC 10-311] analyzing module dffe_ref_164
INFO: [VRFC 10-311] analyzing module dffe_ref_165
INFO: [VRFC 10-311] analyzing module dffe_ref_166
INFO: [VRFC 10-311] analyzing module dffe_ref_167
INFO: [VRFC 10-311] analyzing module dffe_ref_168
INFO: [VRFC 10-311] analyzing module dffe_ref_169
INFO: [VRFC 10-311] analyzing module dffe_ref_170
INFO: [VRFC 10-311] analyzing module dffe_ref_171
INFO: [VRFC 10-311] analyzing module dffe_ref_172
INFO: [VRFC 10-311] analyzing module dffe_ref_173
INFO: [VRFC 10-311] analyzing module dffe_ref_174
INFO: [VRFC 10-311] analyzing module dffe_ref_175
INFO: [VRFC 10-311] analyzing module dffe_ref_176
INFO: [VRFC 10-311] analyzing module dffe_ref_177
INFO: [VRFC 10-311] analyzing module dffe_ref_178
INFO: [VRFC 10-311] analyzing module dffe_ref_179
INFO: [VRFC 10-311] analyzing module dffe_ref_180
INFO: [VRFC 10-311] analyzing module dffe_ref_181
INFO: [VRFC 10-311] analyzing module dffe_ref_182
INFO: [VRFC 10-311] analyzing module dffe_ref_183
INFO: [VRFC 10-311] analyzing module dffe_ref_184
INFO: [VRFC 10-311] analyzing module dffe_ref_185
INFO: [VRFC 10-311] analyzing module dffe_ref_186
INFO: [VRFC 10-311] analyzing module dffe_ref_187
INFO: [VRFC 10-311] analyzing module dffe_ref_188
INFO: [VRFC 10-311] analyzing module dffe_ref_189
INFO: [VRFC 10-311] analyzing module dffe_ref_190
INFO: [VRFC 10-311] analyzing module dffe_ref_191
INFO: [VRFC 10-311] analyzing module dffe_ref_192
INFO: [VRFC 10-311] analyzing module dffe_ref_193
INFO: [VRFC 10-311] analyzing module dffe_ref_194
INFO: [VRFC 10-311] analyzing module dffe_ref_195
INFO: [VRFC 10-311] analyzing module dffe_ref_196
INFO: [VRFC 10-311] analyzing module dffe_ref_197
INFO: [VRFC 10-311] analyzing module dffe_ref_198
INFO: [VRFC 10-311] analyzing module dffe_ref_199
INFO: [VRFC 10-311] analyzing module dffe_ref_200
INFO: [VRFC 10-311] analyzing module dffe_ref_201
INFO: [VRFC 10-311] analyzing module dffe_ref_202
INFO: [VRFC 10-311] analyzing module dffe_ref_203
INFO: [VRFC 10-311] analyzing module dffe_ref_204
INFO: [VRFC 10-311] analyzing module dffe_ref_205
INFO: [VRFC 10-311] analyzing module dffe_ref_206
INFO: [VRFC 10-311] analyzing module dffe_ref_207
INFO: [VRFC 10-311] analyzing module dffe_ref_208
INFO: [VRFC 10-311] analyzing module dffe_ref_209
INFO: [VRFC 10-311] analyzing module dffe_ref_210
INFO: [VRFC 10-311] analyzing module dffe_ref_211
INFO: [VRFC 10-311] analyzing module dffe_ref_212
INFO: [VRFC 10-311] analyzing module dffe_ref_213
INFO: [VRFC 10-311] analyzing module dffe_ref_214
INFO: [VRFC 10-311] analyzing module dffe_ref_215
INFO: [VRFC 10-311] analyzing module dffe_ref_216
INFO: [VRFC 10-311] analyzing module dffe_ref_217
INFO: [VRFC 10-311] analyzing module dffe_ref_218
INFO: [VRFC 10-311] analyzing module dffe_ref_219
INFO: [VRFC 10-311] analyzing module dffe_ref_220
INFO: [VRFC 10-311] analyzing module dffe_ref_221
INFO: [VRFC 10-311] analyzing module dffe_ref_222
INFO: [VRFC 10-311] analyzing module dffe_ref_223
INFO: [VRFC 10-311] analyzing module dffe_ref_224
INFO: [VRFC 10-311] analyzing module dffe_ref_225
INFO: [VRFC 10-311] analyzing module dffe_ref_226
INFO: [VRFC 10-311] analyzing module dffe_ref_227
INFO: [VRFC 10-311] analyzing module dffe_ref_228
INFO: [VRFC 10-311] analyzing module dffe_ref_229
INFO: [VRFC 10-311] analyzing module dffe_ref_230
INFO: [VRFC 10-311] analyzing module dffe_ref_231
INFO: [VRFC 10-311] analyzing module dffe_ref_232
INFO: [VRFC 10-311] analyzing module dffe_ref_233
INFO: [VRFC 10-311] analyzing module dffe_ref_234
INFO: [VRFC 10-311] analyzing module dffe_ref_235
INFO: [VRFC 10-311] analyzing module dffe_ref_236
INFO: [VRFC 10-311] analyzing module dffe_ref_237
INFO: [VRFC 10-311] analyzing module dffe_ref_238
INFO: [VRFC 10-311] analyzing module dffe_ref_239
INFO: [VRFC 10-311] analyzing module dffe_ref_240
INFO: [VRFC 10-311] analyzing module dffe_ref_241
INFO: [VRFC 10-311] analyzing module dffe_ref_242
INFO: [VRFC 10-311] analyzing module dffe_ref_243
INFO: [VRFC 10-311] analyzing module dffe_ref_244
INFO: [VRFC 10-311] analyzing module dffe_ref_245
INFO: [VRFC 10-311] analyzing module dffe_ref_246
INFO: [VRFC 10-311] analyzing module dffe_ref_247
INFO: [VRFC 10-311] analyzing module dffe_ref_248
INFO: [VRFC 10-311] analyzing module dffe_ref_249
INFO: [VRFC 10-311] analyzing module dffe_ref_250
INFO: [VRFC 10-311] analyzing module dffe_ref_251
INFO: [VRFC 10-311] analyzing module dffe_ref_252
INFO: [VRFC 10-311] analyzing module dffe_ref_253
INFO: [VRFC 10-311] analyzing module dffe_ref_254
INFO: [VRFC 10-311] analyzing module dffe_ref_255
INFO: [VRFC 10-311] analyzing module dffe_ref_256
INFO: [VRFC 10-311] analyzing module dffe_ref_257
INFO: [VRFC 10-311] analyzing module dffe_ref_258
INFO: [VRFC 10-311] analyzing module dffe_ref_259
INFO: [VRFC 10-311] analyzing module dffe_ref_260
INFO: [VRFC 10-311] analyzing module dffe_ref_261
INFO: [VRFC 10-311] analyzing module dffe_ref_262
INFO: [VRFC 10-311] analyzing module dffe_ref_263
INFO: [VRFC 10-311] analyzing module dffe_ref_264
INFO: [VRFC 10-311] analyzing module dffe_ref_265
INFO: [VRFC 10-311] analyzing module dffe_ref_266
INFO: [VRFC 10-311] analyzing module dffe_ref_267
INFO: [VRFC 10-311] analyzing module dffe_ref_268
INFO: [VRFC 10-311] analyzing module dffe_ref_269
INFO: [VRFC 10-311] analyzing module dffe_ref_270
INFO: [VRFC 10-311] analyzing module dffe_ref_271
INFO: [VRFC 10-311] analyzing module dffe_ref_272
INFO: [VRFC 10-311] analyzing module dffe_ref_273
INFO: [VRFC 10-311] analyzing module dffe_ref_274
INFO: [VRFC 10-311] analyzing module dffe_ref_275
INFO: [VRFC 10-311] analyzing module dffe_ref_276
INFO: [VRFC 10-311] analyzing module dffe_ref_277
INFO: [VRFC 10-311] analyzing module dffe_ref_278
INFO: [VRFC 10-311] analyzing module dffe_ref_279
INFO: [VRFC 10-311] analyzing module dffe_ref_280
INFO: [VRFC 10-311] analyzing module dffe_ref_281
INFO: [VRFC 10-311] analyzing module dffe_ref_282
INFO: [VRFC 10-311] analyzing module dffe_ref_283
INFO: [VRFC 10-311] analyzing module dffe_ref_284
INFO: [VRFC 10-311] analyzing module dffe_ref_285
INFO: [VRFC 10-311] analyzing module dffe_ref_286
INFO: [VRFC 10-311] analyzing module dffe_ref_287
INFO: [VRFC 10-311] analyzing module dffe_ref_288
INFO: [VRFC 10-311] analyzing module dffe_ref_289
INFO: [VRFC 10-311] analyzing module dffe_ref_290
INFO: [VRFC 10-311] analyzing module dffe_ref_291
INFO: [VRFC 10-311] analyzing module dffe_ref_292
INFO: [VRFC 10-311] analyzing module dffe_ref_293
INFO: [VRFC 10-311] analyzing module dffe_ref_294
INFO: [VRFC 10-311] analyzing module dffe_ref_295
INFO: [VRFC 10-311] analyzing module dffe_ref_296
INFO: [VRFC 10-311] analyzing module dffe_ref_297
INFO: [VRFC 10-311] analyzing module dffe_ref_298
INFO: [VRFC 10-311] analyzing module dffe_ref_299
INFO: [VRFC 10-311] analyzing module dffe_ref_300
INFO: [VRFC 10-311] analyzing module dffe_ref_301
INFO: [VRFC 10-311] analyzing module dffe_ref_302
INFO: [VRFC 10-311] analyzing module dffe_ref_303
INFO: [VRFC 10-311] analyzing module dffe_ref_304
INFO: [VRFC 10-311] analyzing module dffe_ref_305
INFO: [VRFC 10-311] analyzing module dffe_ref_306
INFO: [VRFC 10-311] analyzing module dffe_ref_307
INFO: [VRFC 10-311] analyzing module dffe_ref_308
INFO: [VRFC 10-311] analyzing module dffe_ref_309
INFO: [VRFC 10-311] analyzing module dffe_ref_310
INFO: [VRFC 10-311] analyzing module dffe_ref_311
INFO: [VRFC 10-311] analyzing module dffe_ref_312
INFO: [VRFC 10-311] analyzing module dffe_ref_313
INFO: [VRFC 10-311] analyzing module dffe_ref_314
INFO: [VRFC 10-311] analyzing module dffe_ref_315
INFO: [VRFC 10-311] analyzing module dffe_ref_316
INFO: [VRFC 10-311] analyzing module dffe_ref_317
INFO: [VRFC 10-311] analyzing module dffe_ref_318
INFO: [VRFC 10-311] analyzing module dffe_ref_319
INFO: [VRFC 10-311] analyzing module dffe_ref_320
INFO: [VRFC 10-311] analyzing module dffe_ref_321
INFO: [VRFC 10-311] analyzing module dffe_ref_322
INFO: [VRFC 10-311] analyzing module dffe_ref_323
INFO: [VRFC 10-311] analyzing module dffe_ref_324
INFO: [VRFC 10-311] analyzing module dffe_ref_325
INFO: [VRFC 10-311] analyzing module dffe_ref_326
INFO: [VRFC 10-311] analyzing module dffe_ref_327
INFO: [VRFC 10-311] analyzing module dffe_ref_328
INFO: [VRFC 10-311] analyzing module dffe_ref_329
INFO: [VRFC 10-311] analyzing module dffe_ref_33
INFO: [VRFC 10-311] analyzing module dffe_ref_330
INFO: [VRFC 10-311] analyzing module dffe_ref_331
INFO: [VRFC 10-311] analyzing module dffe_ref_332
INFO: [VRFC 10-311] analyzing module dffe_ref_333
INFO: [VRFC 10-311] analyzing module dffe_ref_334
INFO: [VRFC 10-311] analyzing module dffe_ref_335
INFO: [VRFC 10-311] analyzing module dffe_ref_336
INFO: [VRFC 10-311] analyzing module dffe_ref_337
INFO: [VRFC 10-311] analyzing module dffe_ref_338
INFO: [VRFC 10-311] analyzing module dffe_ref_339
INFO: [VRFC 10-311] analyzing module dffe_ref_34
INFO: [VRFC 10-311] analyzing module dffe_ref_340
INFO: [VRFC 10-311] analyzing module dffe_ref_341
INFO: [VRFC 10-311] analyzing module dffe_ref_342
INFO: [VRFC 10-311] analyzing module dffe_ref_343
INFO: [VRFC 10-311] analyzing module dffe_ref_344
INFO: [VRFC 10-311] analyzing module dffe_ref_345
INFO: [VRFC 10-311] analyzing module dffe_ref_346
INFO: [VRFC 10-311] analyzing module dffe_ref_347
INFO: [VRFC 10-311] analyzing module dffe_ref_348
INFO: [VRFC 10-311] analyzing module dffe_ref_349
INFO: [VRFC 10-311] analyzing module dffe_ref_35
INFO: [VRFC 10-311] analyzing module dffe_ref_350
INFO: [VRFC 10-311] analyzing module dffe_ref_351
INFO: [VRFC 10-311] analyzing module dffe_ref_352
INFO: [VRFC 10-311] analyzing module dffe_ref_353
INFO: [VRFC 10-311] analyzing module dffe_ref_354
INFO: [VRFC 10-311] analyzing module dffe_ref_355
INFO: [VRFC 10-311] analyzing module dffe_ref_356
INFO: [VRFC 10-311] analyzing module dffe_ref_357
INFO: [VRFC 10-311] analyzing module dffe_ref_358
INFO: [VRFC 10-311] analyzing module dffe_ref_359
INFO: [VRFC 10-311] analyzing module dffe_ref_36
INFO: [VRFC 10-311] analyzing module dffe_ref_360
INFO: [VRFC 10-311] analyzing module dffe_ref_361
INFO: [VRFC 10-311] analyzing module dffe_ref_362
INFO: [VRFC 10-311] analyzing module dffe_ref_363
INFO: [VRFC 10-311] analyzing module dffe_ref_364
INFO: [VRFC 10-311] analyzing module dffe_ref_365
INFO: [VRFC 10-311] analyzing module dffe_ref_366
INFO: [VRFC 10-311] analyzing module dffe_ref_367
INFO: [VRFC 10-311] analyzing module dffe_ref_368
INFO: [VRFC 10-311] analyzing module dffe_ref_369
INFO: [VRFC 10-311] analyzing module dffe_ref_37
INFO: [VRFC 10-311] analyzing module dffe_ref_370
INFO: [VRFC 10-311] analyzing module dffe_ref_371
INFO: [VRFC 10-311] analyzing module dffe_ref_372
INFO: [VRFC 10-311] analyzing module dffe_ref_373
INFO: [VRFC 10-311] analyzing module dffe_ref_374
INFO: [VRFC 10-311] analyzing module dffe_ref_375
INFO: [VRFC 10-311] analyzing module dffe_ref_376
INFO: [VRFC 10-311] analyzing module dffe_ref_377
INFO: [VRFC 10-311] analyzing module dffe_ref_378
INFO: [VRFC 10-311] analyzing module dffe_ref_379
INFO: [VRFC 10-311] analyzing module dffe_ref_38
INFO: [VRFC 10-311] analyzing module dffe_ref_380
INFO: [VRFC 10-311] analyzing module dffe_ref_381
INFO: [VRFC 10-311] analyzing module dffe_ref_382
INFO: [VRFC 10-311] analyzing module dffe_ref_383
INFO: [VRFC 10-311] analyzing module dffe_ref_384
INFO: [VRFC 10-311] analyzing module dffe_ref_385
INFO: [VRFC 10-311] analyzing module dffe_ref_386
INFO: [VRFC 10-311] analyzing module dffe_ref_387
INFO: [VRFC 10-311] analyzing module dffe_ref_388
INFO: [VRFC 10-311] analyzing module dffe_ref_389
INFO: [VRFC 10-311] analyzing module dffe_ref_39
INFO: [VRFC 10-311] analyzing module dffe_ref_390
INFO: [VRFC 10-311] analyzing module dffe_ref_391
INFO: [VRFC 10-311] analyzing module dffe_ref_392
INFO: [VRFC 10-311] analyzing module dffe_ref_393
INFO: [VRFC 10-311] analyzing module dffe_ref_394
INFO: [VRFC 10-311] analyzing module dffe_ref_395
INFO: [VRFC 10-311] analyzing module dffe_ref_396
INFO: [VRFC 10-311] analyzing module dffe_ref_397
INFO: [VRFC 10-311] analyzing module dffe_ref_398
INFO: [VRFC 10-311] analyzing module dffe_ref_399
INFO: [VRFC 10-311] analyzing module dffe_ref_40
INFO: [VRFC 10-311] analyzing module dffe_ref_400
INFO: [VRFC 10-311] analyzing module dffe_ref_401
INFO: [VRFC 10-311] analyzing module dffe_ref_402
INFO: [VRFC 10-311] analyzing module dffe_ref_403
INFO: [VRFC 10-311] analyzing module dffe_ref_404
INFO: [VRFC 10-311] analyzing module dffe_ref_405
INFO: [VRFC 10-311] analyzing module dffe_ref_406
INFO: [VRFC 10-311] analyzing module dffe_ref_407
INFO: [VRFC 10-311] analyzing module dffe_ref_408
INFO: [VRFC 10-311] analyzing module dffe_ref_409
INFO: [VRFC 10-311] analyzing module dffe_ref_41
INFO: [VRFC 10-311] analyzing module dffe_ref_410
INFO: [VRFC 10-311] analyzing module dffe_ref_411
INFO: [VRFC 10-311] analyzing module dffe_ref_412
INFO: [VRFC 10-311] analyzing module dffe_ref_413
INFO: [VRFC 10-311] analyzing module dffe_ref_414
INFO: [VRFC 10-311] analyzing module dffe_ref_415
INFO: [VRFC 10-311] analyzing module dffe_ref_416
INFO: [VRFC 10-311] analyzing module dffe_ref_417
INFO: [VRFC 10-311] analyzing module dffe_ref_418
INFO: [VRFC 10-311] analyzing module dffe_ref_419
INFO: [VRFC 10-311] analyzing module dffe_ref_42
INFO: [VRFC 10-311] analyzing module dffe_ref_420
INFO: [VRFC 10-311] analyzing module dffe_ref_421
INFO: [VRFC 10-311] analyzing module dffe_ref_422
INFO: [VRFC 10-311] analyzing module dffe_ref_423
INFO: [VRFC 10-311] analyzing module dffe_ref_424
INFO: [VRFC 10-311] analyzing module dffe_ref_425
INFO: [VRFC 10-311] analyzing module dffe_ref_426
INFO: [VRFC 10-311] analyzing module dffe_ref_427
INFO: [VRFC 10-311] analyzing module dffe_ref_428
INFO: [VRFC 10-311] analyzing module dffe_ref_429
INFO: [VRFC 10-311] analyzing module dffe_ref_43
INFO: [VRFC 10-311] analyzing module dffe_ref_430
INFO: [VRFC 10-311] analyzing module dffe_ref_431
INFO: [VRFC 10-311] analyzing module dffe_ref_432
INFO: [VRFC 10-311] analyzing module dffe_ref_433
INFO: [VRFC 10-311] analyzing module dffe_ref_434
INFO: [VRFC 10-311] analyzing module dffe_ref_435
INFO: [VRFC 10-311] analyzing module dffe_ref_436
INFO: [VRFC 10-311] analyzing module dffe_ref_437
INFO: [VRFC 10-311] analyzing module dffe_ref_438
INFO: [VRFC 10-311] analyzing module dffe_ref_439
INFO: [VRFC 10-311] analyzing module dffe_ref_44
INFO: [VRFC 10-311] analyzing module dffe_ref_440
INFO: [VRFC 10-311] analyzing module dffe_ref_441
INFO: [VRFC 10-311] analyzing module dffe_ref_442
INFO: [VRFC 10-311] analyzing module dffe_ref_443
INFO: [VRFC 10-311] analyzing module dffe_ref_444
INFO: [VRFC 10-311] analyzing module dffe_ref_445
INFO: [VRFC 10-311] analyzing module dffe_ref_446
INFO: [VRFC 10-311] analyzing module dffe_ref_447
INFO: [VRFC 10-311] analyzing module dffe_ref_448
INFO: [VRFC 10-311] analyzing module dffe_ref_449
INFO: [VRFC 10-311] analyzing module dffe_ref_45
INFO: [VRFC 10-311] analyzing module dffe_ref_450
INFO: [VRFC 10-311] analyzing module dffe_ref_451
INFO: [VRFC 10-311] analyzing module dffe_ref_452
INFO: [VRFC 10-311] analyzing module dffe_ref_453
INFO: [VRFC 10-311] analyzing module dffe_ref_454
INFO: [VRFC 10-311] analyzing module dffe_ref_455
INFO: [VRFC 10-311] analyzing module dffe_ref_456
INFO: [VRFC 10-311] analyzing module dffe_ref_457
INFO: [VRFC 10-311] analyzing module dffe_ref_458
INFO: [VRFC 10-311] analyzing module dffe_ref_459
INFO: [VRFC 10-311] analyzing module dffe_ref_46
INFO: [VRFC 10-311] analyzing module dffe_ref_460
INFO: [VRFC 10-311] analyzing module dffe_ref_461
INFO: [VRFC 10-311] analyzing module dffe_ref_462
INFO: [VRFC 10-311] analyzing module dffe_ref_463
INFO: [VRFC 10-311] analyzing module dffe_ref_464
INFO: [VRFC 10-311] analyzing module dffe_ref_465
INFO: [VRFC 10-311] analyzing module dffe_ref_466
INFO: [VRFC 10-311] analyzing module dffe_ref_467
INFO: [VRFC 10-311] analyzing module dffe_ref_468
INFO: [VRFC 10-311] analyzing module dffe_ref_469
INFO: [VRFC 10-311] analyzing module dffe_ref_47
INFO: [VRFC 10-311] analyzing module dffe_ref_470
INFO: [VRFC 10-311] analyzing module dffe_ref_471
INFO: [VRFC 10-311] analyzing module dffe_ref_472
INFO: [VRFC 10-311] analyzing module dffe_ref_473
INFO: [VRFC 10-311] analyzing module dffe_ref_474
INFO: [VRFC 10-311] analyzing module dffe_ref_475
INFO: [VRFC 10-311] analyzing module dffe_ref_476
INFO: [VRFC 10-311] analyzing module dffe_ref_477
INFO: [VRFC 10-311] analyzing module dffe_ref_478
INFO: [VRFC 10-311] analyzing module dffe_ref_479
INFO: [VRFC 10-311] analyzing module dffe_ref_48
INFO: [VRFC 10-311] analyzing module dffe_ref_480
INFO: [VRFC 10-311] analyzing module dffe_ref_481
INFO: [VRFC 10-311] analyzing module dffe_ref_482
INFO: [VRFC 10-311] analyzing module dffe_ref_483
INFO: [VRFC 10-311] analyzing module dffe_ref_484
INFO: [VRFC 10-311] analyzing module dffe_ref_485
INFO: [VRFC 10-311] analyzing module dffe_ref_486
INFO: [VRFC 10-311] analyzing module dffe_ref_487
INFO: [VRFC 10-311] analyzing module dffe_ref_488
INFO: [VRFC 10-311] analyzing module dffe_ref_489
INFO: [VRFC 10-311] analyzing module dffe_ref_49
INFO: [VRFC 10-311] analyzing module dffe_ref_490
INFO: [VRFC 10-311] analyzing module dffe_ref_491
INFO: [VRFC 10-311] analyzing module dffe_ref_492
INFO: [VRFC 10-311] analyzing module dffe_ref_493
INFO: [VRFC 10-311] analyzing module dffe_ref_494
INFO: [VRFC 10-311] analyzing module dffe_ref_495
INFO: [VRFC 10-311] analyzing module dffe_ref_496
INFO: [VRFC 10-311] analyzing module dffe_ref_497
INFO: [VRFC 10-311] analyzing module dffe_ref_498
INFO: [VRFC 10-311] analyzing module dffe_ref_499
INFO: [VRFC 10-311] analyzing module dffe_ref_50
INFO: [VRFC 10-311] analyzing module dffe_ref_500
INFO: [VRFC 10-311] analyzing module dffe_ref_501
INFO: [VRFC 10-311] analyzing module dffe_ref_502
INFO: [VRFC 10-311] analyzing module dffe_ref_503
INFO: [VRFC 10-311] analyzing module dffe_ref_504
INFO: [VRFC 10-311] analyzing module dffe_ref_505
INFO: [VRFC 10-311] analyzing module dffe_ref_506
INFO: [VRFC 10-311] analyzing module dffe_ref_507
INFO: [VRFC 10-311] analyzing module dffe_ref_508
INFO: [VRFC 10-311] analyzing module dffe_ref_509
INFO: [VRFC 10-311] analyzing module dffe_ref_51
INFO: [VRFC 10-311] analyzing module dffe_ref_510
INFO: [VRFC 10-311] analyzing module dffe_ref_511
INFO: [VRFC 10-311] analyzing module dffe_ref_512
INFO: [VRFC 10-311] analyzing module dffe_ref_513
INFO: [VRFC 10-311] analyzing module dffe_ref_514
INFO: [VRFC 10-311] analyzing module dffe_ref_515
INFO: [VRFC 10-311] analyzing module dffe_ref_516
INFO: [VRFC 10-311] analyzing module dffe_ref_517
INFO: [VRFC 10-311] analyzing module dffe_ref_518
INFO: [VRFC 10-311] analyzing module dffe_ref_519
INFO: [VRFC 10-311] analyzing module dffe_ref_52
INFO: [VRFC 10-311] analyzing module dffe_ref_520
INFO: [VRFC 10-311] analyzing module dffe_ref_521
INFO: [VRFC 10-311] analyzing module dffe_ref_522
INFO: [VRFC 10-311] analyzing module dffe_ref_523
INFO: [VRFC 10-311] analyzing module dffe_ref_524
INFO: [VRFC 10-311] analyzing module dffe_ref_525
INFO: [VRFC 10-311] analyzing module dffe_ref_526
INFO: [VRFC 10-311] analyzing module dffe_ref_527
INFO: [VRFC 10-311] analyzing module dffe_ref_528
INFO: [VRFC 10-311] analyzing module dffe_ref_529
INFO: [VRFC 10-311] analyzing module dffe_ref_53
INFO: [VRFC 10-311] analyzing module dffe_ref_530
INFO: [VRFC 10-311] analyzing module dffe_ref_531
INFO: [VRFC 10-311] analyzing module dffe_ref_532
INFO: [VRFC 10-311] analyzing module dffe_ref_533
INFO: [VRFC 10-311] analyzing module dffe_ref_534
INFO: [VRFC 10-311] analyzing module dffe_ref_535
INFO: [VRFC 10-311] analyzing module dffe_ref_536
INFO: [VRFC 10-311] analyzing module dffe_ref_537
INFO: [VRFC 10-311] analyzing module dffe_ref_538
INFO: [VRFC 10-311] analyzing module dffe_ref_539
INFO: [VRFC 10-311] analyzing module dffe_ref_54
INFO: [VRFC 10-311] analyzing module dffe_ref_540
INFO: [VRFC 10-311] analyzing module dffe_ref_541
INFO: [VRFC 10-311] analyzing module dffe_ref_542
INFO: [VRFC 10-311] analyzing module dffe_ref_543
INFO: [VRFC 10-311] analyzing module dffe_ref_544
INFO: [VRFC 10-311] analyzing module dffe_ref_545
INFO: [VRFC 10-311] analyzing module dffe_ref_546
INFO: [VRFC 10-311] analyzing module dffe_ref_547
INFO: [VRFC 10-311] analyzing module dffe_ref_548
INFO: [VRFC 10-311] analyzing module dffe_ref_549
INFO: [VRFC 10-311] analyzing module dffe_ref_55
INFO: [VRFC 10-311] analyzing module dffe_ref_550
INFO: [VRFC 10-311] analyzing module dffe_ref_551
INFO: [VRFC 10-311] analyzing module dffe_ref_552
INFO: [VRFC 10-311] analyzing module dffe_ref_553
INFO: [VRFC 10-311] analyzing module dffe_ref_554
INFO: [VRFC 10-311] analyzing module dffe_ref_555
INFO: [VRFC 10-311] analyzing module dffe_ref_556
INFO: [VRFC 10-311] analyzing module dffe_ref_557
INFO: [VRFC 10-311] analyzing module dffe_ref_558
INFO: [VRFC 10-311] analyzing module dffe_ref_559
INFO: [VRFC 10-311] analyzing module dffe_ref_56
INFO: [VRFC 10-311] analyzing module dffe_ref_560
INFO: [VRFC 10-311] analyzing module dffe_ref_561
INFO: [VRFC 10-311] analyzing module dffe_ref_562
INFO: [VRFC 10-311] analyzing module dffe_ref_563
INFO: [VRFC 10-311] analyzing module dffe_ref_564
INFO: [VRFC 10-311] analyzing module dffe_ref_565
INFO: [VRFC 10-311] analyzing module dffe_ref_566
INFO: [VRFC 10-311] analyzing module dffe_ref_567
INFO: [VRFC 10-311] analyzing module dffe_ref_568
INFO: [VRFC 10-311] analyzing module dffe_ref_569
INFO: [VRFC 10-311] analyzing module dffe_ref_57
INFO: [VRFC 10-311] analyzing module dffe_ref_570
INFO: [VRFC 10-311] analyzing module dffe_ref_571
INFO: [VRFC 10-311] analyzing module dffe_ref_572
INFO: [VRFC 10-311] analyzing module dffe_ref_573
INFO: [VRFC 10-311] analyzing module dffe_ref_574
INFO: [VRFC 10-311] analyzing module dffe_ref_575
INFO: [VRFC 10-311] analyzing module dffe_ref_576
INFO: [VRFC 10-311] analyzing module dffe_ref_577
INFO: [VRFC 10-311] analyzing module dffe_ref_578
INFO: [VRFC 10-311] analyzing module dffe_ref_579
INFO: [VRFC 10-311] analyzing module dffe_ref_58
INFO: [VRFC 10-311] analyzing module dffe_ref_580
INFO: [VRFC 10-311] analyzing module dffe_ref_581
INFO: [VRFC 10-311] analyzing module dffe_ref_582
INFO: [VRFC 10-311] analyzing module dffe_ref_583
INFO: [VRFC 10-311] analyzing module dffe_ref_584
INFO: [VRFC 10-311] analyzing module dffe_ref_585
INFO: [VRFC 10-311] analyzing module dffe_ref_586
INFO: [VRFC 10-311] analyzing module dffe_ref_587
INFO: [VRFC 10-311] analyzing module dffe_ref_588
INFO: [VRFC 10-311] analyzing module dffe_ref_589
INFO: [VRFC 10-311] analyzing module dffe_ref_59
INFO: [VRFC 10-311] analyzing module dffe_ref_590
INFO: [VRFC 10-311] analyzing module dffe_ref_591
INFO: [VRFC 10-311] analyzing module dffe_ref_592
INFO: [VRFC 10-311] analyzing module dffe_ref_593
INFO: [VRFC 10-311] analyzing module dffe_ref_594
INFO: [VRFC 10-311] analyzing module dffe_ref_595
INFO: [VRFC 10-311] analyzing module dffe_ref_596
INFO: [VRFC 10-311] analyzing module dffe_ref_597
INFO: [VRFC 10-311] analyzing module dffe_ref_598
INFO: [VRFC 10-311] analyzing module dffe_ref_599
INFO: [VRFC 10-311] analyzing module dffe_ref_60
INFO: [VRFC 10-311] analyzing module dffe_ref_600
INFO: [VRFC 10-311] analyzing module dffe_ref_601
INFO: [VRFC 10-311] analyzing module dffe_ref_602
INFO: [VRFC 10-311] analyzing module dffe_ref_603
INFO: [VRFC 10-311] analyzing module dffe_ref_604
INFO: [VRFC 10-311] analyzing module dffe_ref_605
INFO: [VRFC 10-311] analyzing module dffe_ref_606
INFO: [VRFC 10-311] analyzing module dffe_ref_607
INFO: [VRFC 10-311] analyzing module dffe_ref_608
INFO: [VRFC 10-311] analyzing module dffe_ref_609
INFO: [VRFC 10-311] analyzing module dffe_ref_61
INFO: [VRFC 10-311] analyzing module dffe_ref_610
INFO: [VRFC 10-311] analyzing module dffe_ref_611
INFO: [VRFC 10-311] analyzing module dffe_ref_612
INFO: [VRFC 10-311] analyzing module dffe_ref_613
INFO: [VRFC 10-311] analyzing module dffe_ref_614
INFO: [VRFC 10-311] analyzing module dffe_ref_615
INFO: [VRFC 10-311] analyzing module dffe_ref_616
INFO: [VRFC 10-311] analyzing module dffe_ref_617
INFO: [VRFC 10-311] analyzing module dffe_ref_618
INFO: [VRFC 10-311] analyzing module dffe_ref_619
INFO: [VRFC 10-311] analyzing module dffe_ref_62
INFO: [VRFC 10-311] analyzing module dffe_ref_620
INFO: [VRFC 10-311] analyzing module dffe_ref_621
INFO: [VRFC 10-311] analyzing module dffe_ref_622
INFO: [VRFC 10-311] analyzing module dffe_ref_623
INFO: [VRFC 10-311] analyzing module dffe_ref_624
INFO: [VRFC 10-311] analyzing module dffe_ref_625
INFO: [VRFC 10-311] analyzing module dffe_ref_626
INFO: [VRFC 10-311] analyzing module dffe_ref_627
INFO: [VRFC 10-311] analyzing module dffe_ref_628
INFO: [VRFC 10-311] analyzing module dffe_ref_629
INFO: [VRFC 10-311] analyzing module dffe_ref_63
INFO: [VRFC 10-311] analyzing module dffe_ref_630
INFO: [VRFC 10-311] analyzing module dffe_ref_631
INFO: [VRFC 10-311] analyzing module dffe_ref_632
INFO: [VRFC 10-311] analyzing module dffe_ref_633
INFO: [VRFC 10-311] analyzing module dffe_ref_634
INFO: [VRFC 10-311] analyzing module dffe_ref_635
INFO: [VRFC 10-311] analyzing module dffe_ref_636
INFO: [VRFC 10-311] analyzing module dffe_ref_637
INFO: [VRFC 10-311] analyzing module dffe_ref_638
INFO: [VRFC 10-311] analyzing module dffe_ref_639
INFO: [VRFC 10-311] analyzing module dffe_ref_64
INFO: [VRFC 10-311] analyzing module dffe_ref_640
INFO: [VRFC 10-311] analyzing module dffe_ref_641
INFO: [VRFC 10-311] analyzing module dffe_ref_642
INFO: [VRFC 10-311] analyzing module dffe_ref_643
INFO: [VRFC 10-311] analyzing module dffe_ref_644
INFO: [VRFC 10-311] analyzing module dffe_ref_645
INFO: [VRFC 10-311] analyzing module dffe_ref_646
INFO: [VRFC 10-311] analyzing module dffe_ref_647
INFO: [VRFC 10-311] analyzing module dffe_ref_648
INFO: [VRFC 10-311] analyzing module dffe_ref_649
INFO: [VRFC 10-311] analyzing module dffe_ref_65
INFO: [VRFC 10-311] analyzing module dffe_ref_650
INFO: [VRFC 10-311] analyzing module dffe_ref_651
INFO: [VRFC 10-311] analyzing module dffe_ref_652
INFO: [VRFC 10-311] analyzing module dffe_ref_653
INFO: [VRFC 10-311] analyzing module dffe_ref_654
INFO: [VRFC 10-311] analyzing module dffe_ref_655
INFO: [VRFC 10-311] analyzing module dffe_ref_656
INFO: [VRFC 10-311] analyzing module dffe_ref_657
INFO: [VRFC 10-311] analyzing module dffe_ref_658
INFO: [VRFC 10-311] analyzing module dffe_ref_659
INFO: [VRFC 10-311] analyzing module dffe_ref_66
INFO: [VRFC 10-311] analyzing module dffe_ref_660
INFO: [VRFC 10-311] analyzing module dffe_ref_661
INFO: [VRFC 10-311] analyzing module dffe_ref_662
INFO: [VRFC 10-311] analyzing module dffe_ref_663
INFO: [VRFC 10-311] analyzing module dffe_ref_664
INFO: [VRFC 10-311] analyzing module dffe_ref_665
INFO: [VRFC 10-311] analyzing module dffe_ref_666
INFO: [VRFC 10-311] analyzing module dffe_ref_667
INFO: [VRFC 10-311] analyzing module dffe_ref_668
INFO: [VRFC 10-311] analyzing module dffe_ref_669
INFO: [VRFC 10-311] analyzing module dffe_ref_67
INFO: [VRFC 10-311] analyzing module dffe_ref_670
INFO: [VRFC 10-311] analyzing module dffe_ref_671
INFO: [VRFC 10-311] analyzing module dffe_ref_672
INFO: [VRFC 10-311] analyzing module dffe_ref_673
INFO: [VRFC 10-311] analyzing module dffe_ref_674
INFO: [VRFC 10-311] analyzing module dffe_ref_675
INFO: [VRFC 10-311] analyzing module dffe_ref_676
INFO: [VRFC 10-311] analyzing module dffe_ref_677
INFO: [VRFC 10-311] analyzing module dffe_ref_678
INFO: [VRFC 10-311] analyzing module dffe_ref_679
INFO: [VRFC 10-311] analyzing module dffe_ref_68
INFO: [VRFC 10-311] analyzing module dffe_ref_680
INFO: [VRFC 10-311] analyzing module dffe_ref_681
INFO: [VRFC 10-311] analyzing module dffe_ref_682
INFO: [VRFC 10-311] analyzing module dffe_ref_683
INFO: [VRFC 10-311] analyzing module dffe_ref_684
INFO: [VRFC 10-311] analyzing module dffe_ref_685
INFO: [VRFC 10-311] analyzing module dffe_ref_686
INFO: [VRFC 10-311] analyzing module dffe_ref_687
INFO: [VRFC 10-311] analyzing module dffe_ref_688
INFO: [VRFC 10-311] analyzing module dffe_ref_689
INFO: [VRFC 10-311] analyzing module dffe_ref_69
INFO: [VRFC 10-311] analyzing module dffe_ref_690
INFO: [VRFC 10-311] analyzing module dffe_ref_691
INFO: [VRFC 10-311] analyzing module dffe_ref_692
INFO: [VRFC 10-311] analyzing module dffe_ref_693
INFO: [VRFC 10-311] analyzing module dffe_ref_694
INFO: [VRFC 10-311] analyzing module dffe_ref_695
INFO: [VRFC 10-311] analyzing module dffe_ref_696
INFO: [VRFC 10-311] analyzing module dffe_ref_697
INFO: [VRFC 10-311] analyzing module dffe_ref_698
INFO: [VRFC 10-311] analyzing module dffe_ref_699
INFO: [VRFC 10-311] analyzing module dffe_ref_70
INFO: [VRFC 10-311] analyzing module dffe_ref_700
INFO: [VRFC 10-311] analyzing module dffe_ref_701
INFO: [VRFC 10-311] analyzing module dffe_ref_702
INFO: [VRFC 10-311] analyzing module dffe_ref_703
INFO: [VRFC 10-311] analyzing module dffe_ref_704
INFO: [VRFC 10-311] analyzing module dffe_ref_705
INFO: [VRFC 10-311] analyzing module dffe_ref_706
INFO: [VRFC 10-311] analyzing module dffe_ref_707
INFO: [VRFC 10-311] analyzing module dffe_ref_708
INFO: [VRFC 10-311] analyzing module dffe_ref_709
INFO: [VRFC 10-311] analyzing module dffe_ref_71
INFO: [VRFC 10-311] analyzing module dffe_ref_710
INFO: [VRFC 10-311] analyzing module dffe_ref_711
INFO: [VRFC 10-311] analyzing module dffe_ref_712
INFO: [VRFC 10-311] analyzing module dffe_ref_713
INFO: [VRFC 10-311] analyzing module dffe_ref_714
INFO: [VRFC 10-311] analyzing module dffe_ref_715
INFO: [VRFC 10-311] analyzing module dffe_ref_716
INFO: [VRFC 10-311] analyzing module dffe_ref_717
INFO: [VRFC 10-311] analyzing module dffe_ref_718
INFO: [VRFC 10-311] analyzing module dffe_ref_719
INFO: [VRFC 10-311] analyzing module dffe_ref_72
INFO: [VRFC 10-311] analyzing module dffe_ref_720
INFO: [VRFC 10-311] analyzing module dffe_ref_721
INFO: [VRFC 10-311] analyzing module dffe_ref_722
INFO: [VRFC 10-311] analyzing module dffe_ref_723
INFO: [VRFC 10-311] analyzing module dffe_ref_724
INFO: [VRFC 10-311] analyzing module dffe_ref_725
INFO: [VRFC 10-311] analyzing module dffe_ref_726
INFO: [VRFC 10-311] analyzing module dffe_ref_727
INFO: [VRFC 10-311] analyzing module dffe_ref_728
INFO: [VRFC 10-311] analyzing module dffe_ref_729
INFO: [VRFC 10-311] analyzing module dffe_ref_73
INFO: [VRFC 10-311] analyzing module dffe_ref_730
INFO: [VRFC 10-311] analyzing module dffe_ref_731
INFO: [VRFC 10-311] analyzing module dffe_ref_732
INFO: [VRFC 10-311] analyzing module dffe_ref_733
INFO: [VRFC 10-311] analyzing module dffe_ref_734
INFO: [VRFC 10-311] analyzing module dffe_ref_735
INFO: [VRFC 10-311] analyzing module dffe_ref_736
INFO: [VRFC 10-311] analyzing module dffe_ref_737
INFO: [VRFC 10-311] analyzing module dffe_ref_738
INFO: [VRFC 10-311] analyzing module dffe_ref_739
INFO: [VRFC 10-311] analyzing module dffe_ref_74
INFO: [VRFC 10-311] analyzing module dffe_ref_740
INFO: [VRFC 10-311] analyzing module dffe_ref_741
INFO: [VRFC 10-311] analyzing module dffe_ref_742
INFO: [VRFC 10-311] analyzing module dffe_ref_743
INFO: [VRFC 10-311] analyzing module dffe_ref_744
INFO: [VRFC 10-311] analyzing module dffe_ref_745
INFO: [VRFC 10-311] analyzing module dffe_ref_746
INFO: [VRFC 10-311] analyzing module dffe_ref_747
INFO: [VRFC 10-311] analyzing module dffe_ref_748
INFO: [VRFC 10-311] analyzing module dffe_ref_749
INFO: [VRFC 10-311] analyzing module dffe_ref_75
INFO: [VRFC 10-311] analyzing module dffe_ref_750
INFO: [VRFC 10-311] analyzing module dffe_ref_751
INFO: [VRFC 10-311] analyzing module dffe_ref_752
INFO: [VRFC 10-311] analyzing module dffe_ref_753
INFO: [VRFC 10-311] analyzing module dffe_ref_754
INFO: [VRFC 10-311] analyzing module dffe_ref_755
INFO: [VRFC 10-311] analyzing module dffe_ref_756
INFO: [VRFC 10-311] analyzing module dffe_ref_757
INFO: [VRFC 10-311] analyzing module dffe_ref_758
INFO: [VRFC 10-311] analyzing module dffe_ref_759
INFO: [VRFC 10-311] analyzing module dffe_ref_76
INFO: [VRFC 10-311] analyzing module dffe_ref_760
INFO: [VRFC 10-311] analyzing module dffe_ref_761
INFO: [VRFC 10-311] analyzing module dffe_ref_762
INFO: [VRFC 10-311] analyzing module dffe_ref_763
INFO: [VRFC 10-311] analyzing module dffe_ref_764
INFO: [VRFC 10-311] analyzing module dffe_ref_765
INFO: [VRFC 10-311] analyzing module dffe_ref_766
INFO: [VRFC 10-311] analyzing module dffe_ref_767
INFO: [VRFC 10-311] analyzing module dffe_ref_768
INFO: [VRFC 10-311] analyzing module dffe_ref_769
INFO: [VRFC 10-311] analyzing module dffe_ref_77
INFO: [VRFC 10-311] analyzing module dffe_ref_770
INFO: [VRFC 10-311] analyzing module dffe_ref_771
INFO: [VRFC 10-311] analyzing module dffe_ref_772
INFO: [VRFC 10-311] analyzing module dffe_ref_773
INFO: [VRFC 10-311] analyzing module dffe_ref_774
INFO: [VRFC 10-311] analyzing module dffe_ref_775
INFO: [VRFC 10-311] analyzing module dffe_ref_776
INFO: [VRFC 10-311] analyzing module dffe_ref_777
INFO: [VRFC 10-311] analyzing module dffe_ref_778
INFO: [VRFC 10-311] analyzing module dffe_ref_779
INFO: [VRFC 10-311] analyzing module dffe_ref_78
INFO: [VRFC 10-311] analyzing module dffe_ref_780
INFO: [VRFC 10-311] analyzing module dffe_ref_781
INFO: [VRFC 10-311] analyzing module dffe_ref_782
INFO: [VRFC 10-311] analyzing module dffe_ref_783
INFO: [VRFC 10-311] analyzing module dffe_ref_784
INFO: [VRFC 10-311] analyzing module dffe_ref_785
INFO: [VRFC 10-311] analyzing module dffe_ref_786
INFO: [VRFC 10-311] analyzing module dffe_ref_787
INFO: [VRFC 10-311] analyzing module dffe_ref_788
INFO: [VRFC 10-311] analyzing module dffe_ref_789
INFO: [VRFC 10-311] analyzing module dffe_ref_79
INFO: [VRFC 10-311] analyzing module dffe_ref_790
INFO: [VRFC 10-311] analyzing module dffe_ref_791
INFO: [VRFC 10-311] analyzing module dffe_ref_792
INFO: [VRFC 10-311] analyzing module dffe_ref_793
INFO: [VRFC 10-311] analyzing module dffe_ref_794
INFO: [VRFC 10-311] analyzing module dffe_ref_795
INFO: [VRFC 10-311] analyzing module dffe_ref_796
INFO: [VRFC 10-311] analyzing module dffe_ref_797
INFO: [VRFC 10-311] analyzing module dffe_ref_798
INFO: [VRFC 10-311] analyzing module dffe_ref_799
INFO: [VRFC 10-311] analyzing module dffe_ref_80
INFO: [VRFC 10-311] analyzing module dffe_ref_800
INFO: [VRFC 10-311] analyzing module dffe_ref_801
INFO: [VRFC 10-311] analyzing module dffe_ref_802
INFO: [VRFC 10-311] analyzing module dffe_ref_803
INFO: [VRFC 10-311] analyzing module dffe_ref_804
INFO: [VRFC 10-311] analyzing module dffe_ref_805
INFO: [VRFC 10-311] analyzing module dffe_ref_806
INFO: [VRFC 10-311] analyzing module dffe_ref_807
INFO: [VRFC 10-311] analyzing module dffe_ref_808
INFO: [VRFC 10-311] analyzing module dffe_ref_809
INFO: [VRFC 10-311] analyzing module dffe_ref_81
INFO: [VRFC 10-311] analyzing module dffe_ref_810
INFO: [VRFC 10-311] analyzing module dffe_ref_811
INFO: [VRFC 10-311] analyzing module dffe_ref_812
INFO: [VRFC 10-311] analyzing module dffe_ref_813
INFO: [VRFC 10-311] analyzing module dffe_ref_814
INFO: [VRFC 10-311] analyzing module dffe_ref_815
INFO: [VRFC 10-311] analyzing module dffe_ref_816
INFO: [VRFC 10-311] analyzing module dffe_ref_817
INFO: [VRFC 10-311] analyzing module dffe_ref_818
INFO: [VRFC 10-311] analyzing module dffe_ref_819
INFO: [VRFC 10-311] analyzing module dffe_ref_82
INFO: [VRFC 10-311] analyzing module dffe_ref_820
INFO: [VRFC 10-311] analyzing module dffe_ref_821
INFO: [VRFC 10-311] analyzing module dffe_ref_822
INFO: [VRFC 10-311] analyzing module dffe_ref_823
INFO: [VRFC 10-311] analyzing module dffe_ref_824
INFO: [VRFC 10-311] analyzing module dffe_ref_825
INFO: [VRFC 10-311] analyzing module dffe_ref_826
INFO: [VRFC 10-311] analyzing module dffe_ref_827
INFO: [VRFC 10-311] analyzing module dffe_ref_828
INFO: [VRFC 10-311] analyzing module dffe_ref_829
INFO: [VRFC 10-311] analyzing module dffe_ref_83
INFO: [VRFC 10-311] analyzing module dffe_ref_830
INFO: [VRFC 10-311] analyzing module dffe_ref_831
INFO: [VRFC 10-311] analyzing module dffe_ref_832
INFO: [VRFC 10-311] analyzing module dffe_ref_833
INFO: [VRFC 10-311] analyzing module dffe_ref_834
INFO: [VRFC 10-311] analyzing module dffe_ref_835
INFO: [VRFC 10-311] analyzing module dffe_ref_836
INFO: [VRFC 10-311] analyzing module dffe_ref_837
INFO: [VRFC 10-311] analyzing module dffe_ref_838
INFO: [VRFC 10-311] analyzing module dffe_ref_839
INFO: [VRFC 10-311] analyzing module dffe_ref_84
INFO: [VRFC 10-311] analyzing module dffe_ref_840
INFO: [VRFC 10-311] analyzing module dffe_ref_841
INFO: [VRFC 10-311] analyzing module dffe_ref_842
INFO: [VRFC 10-311] analyzing module dffe_ref_843
INFO: [VRFC 10-311] analyzing module dffe_ref_844
INFO: [VRFC 10-311] analyzing module dffe_ref_845
INFO: [VRFC 10-311] analyzing module dffe_ref_846
INFO: [VRFC 10-311] analyzing module dffe_ref_847
INFO: [VRFC 10-311] analyzing module dffe_ref_848
INFO: [VRFC 10-311] analyzing module dffe_ref_849
INFO: [VRFC 10-311] analyzing module dffe_ref_85
INFO: [VRFC 10-311] analyzing module dffe_ref_850
INFO: [VRFC 10-311] analyzing module dffe_ref_851
INFO: [VRFC 10-311] analyzing module dffe_ref_852
INFO: [VRFC 10-311] analyzing module dffe_ref_853
INFO: [VRFC 10-311] analyzing module dffe_ref_854
INFO: [VRFC 10-311] analyzing module dffe_ref_855
INFO: [VRFC 10-311] analyzing module dffe_ref_856
INFO: [VRFC 10-311] analyzing module dffe_ref_857
INFO: [VRFC 10-311] analyzing module dffe_ref_858
INFO: [VRFC 10-311] analyzing module dffe_ref_859
INFO: [VRFC 10-311] analyzing module dffe_ref_86
INFO: [VRFC 10-311] analyzing module dffe_ref_860
INFO: [VRFC 10-311] analyzing module dffe_ref_861
INFO: [VRFC 10-311] analyzing module dffe_ref_862
INFO: [VRFC 10-311] analyzing module dffe_ref_863
INFO: [VRFC 10-311] analyzing module dffe_ref_864
INFO: [VRFC 10-311] analyzing module dffe_ref_865
INFO: [VRFC 10-311] analyzing module dffe_ref_866
INFO: [VRFC 10-311] analyzing module dffe_ref_867
INFO: [VRFC 10-311] analyzing module dffe_ref_868
INFO: [VRFC 10-311] analyzing module dffe_ref_869
INFO: [VRFC 10-311] analyzing module dffe_ref_87
INFO: [VRFC 10-311] analyzing module dffe_ref_870
INFO: [VRFC 10-311] analyzing module dffe_ref_871
INFO: [VRFC 10-311] analyzing module dffe_ref_872
INFO: [VRFC 10-311] analyzing module dffe_ref_873
INFO: [VRFC 10-311] analyzing module dffe_ref_874
INFO: [VRFC 10-311] analyzing module dffe_ref_875
INFO: [VRFC 10-311] analyzing module dffe_ref_876
INFO: [VRFC 10-311] analyzing module dffe_ref_877
INFO: [VRFC 10-311] analyzing module dffe_ref_878
INFO: [VRFC 10-311] analyzing module dffe_ref_879
INFO: [VRFC 10-311] analyzing module dffe_ref_88
INFO: [VRFC 10-311] analyzing module dffe_ref_880
INFO: [VRFC 10-311] analyzing module dffe_ref_881
INFO: [VRFC 10-311] analyzing module dffe_ref_882
INFO: [VRFC 10-311] analyzing module dffe_ref_883
INFO: [VRFC 10-311] analyzing module dffe_ref_884
INFO: [VRFC 10-311] analyzing module dffe_ref_885
INFO: [VRFC 10-311] analyzing module dffe_ref_886
INFO: [VRFC 10-311] analyzing module dffe_ref_887
INFO: [VRFC 10-311] analyzing module dffe_ref_888
INFO: [VRFC 10-311] analyzing module dffe_ref_889
INFO: [VRFC 10-311] analyzing module dffe_ref_89
INFO: [VRFC 10-311] analyzing module dffe_ref_890
INFO: [VRFC 10-311] analyzing module dffe_ref_891
INFO: [VRFC 10-311] analyzing module dffe_ref_892
INFO: [VRFC 10-311] analyzing module dffe_ref_893
INFO: [VRFC 10-311] analyzing module dffe_ref_894
INFO: [VRFC 10-311] analyzing module dffe_ref_895
INFO: [VRFC 10-311] analyzing module dffe_ref_896
INFO: [VRFC 10-311] analyzing module dffe_ref_897
INFO: [VRFC 10-311] analyzing module dffe_ref_898
INFO: [VRFC 10-311] analyzing module dffe_ref_899
INFO: [VRFC 10-311] analyzing module dffe_ref_90
INFO: [VRFC 10-311] analyzing module dffe_ref_900
INFO: [VRFC 10-311] analyzing module dffe_ref_901
INFO: [VRFC 10-311] analyzing module dffe_ref_902
INFO: [VRFC 10-311] analyzing module dffe_ref_903
INFO: [VRFC 10-311] analyzing module dffe_ref_904
INFO: [VRFC 10-311] analyzing module dffe_ref_905
INFO: [VRFC 10-311] analyzing module dffe_ref_906
INFO: [VRFC 10-311] analyzing module dffe_ref_907
INFO: [VRFC 10-311] analyzing module dffe_ref_908
INFO: [VRFC 10-311] analyzing module dffe_ref_909
INFO: [VRFC 10-311] analyzing module dffe_ref_91
INFO: [VRFC 10-311] analyzing module dffe_ref_910
INFO: [VRFC 10-311] analyzing module dffe_ref_911
INFO: [VRFC 10-311] analyzing module dffe_ref_912
INFO: [VRFC 10-311] analyzing module dffe_ref_913
INFO: [VRFC 10-311] analyzing module dffe_ref_914
INFO: [VRFC 10-311] analyzing module dffe_ref_915
INFO: [VRFC 10-311] analyzing module dffe_ref_916
INFO: [VRFC 10-311] analyzing module dffe_ref_917
INFO: [VRFC 10-311] analyzing module dffe_ref_918
INFO: [VRFC 10-311] analyzing module dffe_ref_919
INFO: [VRFC 10-311] analyzing module dffe_ref_92
INFO: [VRFC 10-311] analyzing module dffe_ref_920
INFO: [VRFC 10-311] analyzing module dffe_ref_921
INFO: [VRFC 10-311] analyzing module dffe_ref_922
INFO: [VRFC 10-311] analyzing module dffe_ref_923
INFO: [VRFC 10-311] analyzing module dffe_ref_924
INFO: [VRFC 10-311] analyzing module dffe_ref_925
INFO: [VRFC 10-311] analyzing module dffe_ref_926
INFO: [VRFC 10-311] analyzing module dffe_ref_927
INFO: [VRFC 10-311] analyzing module dffe_ref_928
INFO: [VRFC 10-311] analyzing module dffe_ref_929
INFO: [VRFC 10-311] analyzing module dffe_ref_93
INFO: [VRFC 10-311] analyzing module dffe_ref_930
INFO: [VRFC 10-311] analyzing module dffe_ref_931
INFO: [VRFC 10-311] analyzing module dffe_ref_932
INFO: [VRFC 10-311] analyzing module dffe_ref_933
INFO: [VRFC 10-311] analyzing module dffe_ref_934
INFO: [VRFC 10-311] analyzing module dffe_ref_935
INFO: [VRFC 10-311] analyzing module dffe_ref_936
INFO: [VRFC 10-311] analyzing module dffe_ref_937
INFO: [VRFC 10-311] analyzing module dffe_ref_938
INFO: [VRFC 10-311] analyzing module dffe_ref_939
INFO: [VRFC 10-311] analyzing module dffe_ref_94
INFO: [VRFC 10-311] analyzing module dffe_ref_940
INFO: [VRFC 10-311] analyzing module dffe_ref_941
INFO: [VRFC 10-311] analyzing module dffe_ref_942
INFO: [VRFC 10-311] analyzing module dffe_ref_943
INFO: [VRFC 10-311] analyzing module dffe_ref_944
INFO: [VRFC 10-311] analyzing module dffe_ref_945
INFO: [VRFC 10-311] analyzing module dffe_ref_946
INFO: [VRFC 10-311] analyzing module dffe_ref_947
INFO: [VRFC 10-311] analyzing module dffe_ref_948
INFO: [VRFC 10-311] analyzing module dffe_ref_949
INFO: [VRFC 10-311] analyzing module dffe_ref_95
INFO: [VRFC 10-311] analyzing module dffe_ref_950
INFO: [VRFC 10-311] analyzing module dffe_ref_951
INFO: [VRFC 10-311] analyzing module dffe_ref_952
INFO: [VRFC 10-311] analyzing module dffe_ref_953
INFO: [VRFC 10-311] analyzing module dffe_ref_954
INFO: [VRFC 10-311] analyzing module dffe_ref_955
INFO: [VRFC 10-311] analyzing module dffe_ref_956
INFO: [VRFC 10-311] analyzing module dffe_ref_957
INFO: [VRFC 10-311] analyzing module dffe_ref_958
INFO: [VRFC 10-311] analyzing module dffe_ref_959
INFO: [VRFC 10-311] analyzing module dffe_ref_96
INFO: [VRFC 10-311] analyzing module dffe_ref_960
INFO: [VRFC 10-311] analyzing module dffe_ref_961
INFO: [VRFC 10-311] analyzing module dffe_ref_962
INFO: [VRFC 10-311] analyzing module dffe_ref_963
INFO: [VRFC 10-311] analyzing module dffe_ref_964
INFO: [VRFC 10-311] analyzing module dffe_ref_965
INFO: [VRFC 10-311] analyzing module dffe_ref_966
INFO: [VRFC 10-311] analyzing module dffe_ref_967
INFO: [VRFC 10-311] analyzing module dffe_ref_968
INFO: [VRFC 10-311] analyzing module dffe_ref_969
INFO: [VRFC 10-311] analyzing module dffe_ref_97
INFO: [VRFC 10-311] analyzing module dffe_ref_970
INFO: [VRFC 10-311] analyzing module dffe_ref_971
INFO: [VRFC 10-311] analyzing module dffe_ref_972
INFO: [VRFC 10-311] analyzing module dffe_ref_973
INFO: [VRFC 10-311] analyzing module dffe_ref_974
INFO: [VRFC 10-311] analyzing module dffe_ref_975
INFO: [VRFC 10-311] analyzing module dffe_ref_976
INFO: [VRFC 10-311] analyzing module dffe_ref_977
INFO: [VRFC 10-311] analyzing module dffe_ref_978
INFO: [VRFC 10-311] analyzing module dffe_ref_979
INFO: [VRFC 10-311] analyzing module dffe_ref_98
INFO: [VRFC 10-311] analyzing module dffe_ref_980
INFO: [VRFC 10-311] analyzing module dffe_ref_981
INFO: [VRFC 10-311] analyzing module dffe_ref_982
INFO: [VRFC 10-311] analyzing module dffe_ref_983
INFO: [VRFC 10-311] analyzing module dffe_ref_984
INFO: [VRFC 10-311] analyzing module dffe_ref_985
INFO: [VRFC 10-311] analyzing module dffe_ref_986
INFO: [VRFC 10-311] analyzing module dffe_ref_987
INFO: [VRFC 10-311] analyzing module dffe_ref_988
INFO: [VRFC 10-311] analyzing module dffe_ref_989
INFO: [VRFC 10-311] analyzing module dffe_ref_99
INFO: [VRFC 10-311] analyzing module dffe_ref_990
INFO: [VRFC 10-311] analyzing module dffe_ref_991
INFO: [VRFC 10-311] analyzing module dffe_ref_992
INFO: [VRFC 10-311] analyzing module dffe_ref_993
INFO: [VRFC 10-311] analyzing module dffe_ref_994
INFO: [VRFC 10-311] analyzing module dffe_ref_995
INFO: [VRFC 10-311] analyzing module dffe_ref_996
INFO: [VRFC 10-311] analyzing module dffe_ref_997
INFO: [VRFC 10-311] analyzing module dffe_ref_998
INFO: [VRFC 10-311] analyzing module dffe_ref_999
INFO: [VRFC 10-311] analyzing module div
INFO: [VRFC 10-311] analyzing module mult
INFO: [VRFC 10-311] analyzing module multdiv
INFO: [VRFC 10-311] analyzing module processor
INFO: [VRFC 10-311] analyzing module regfile
INFO: [VRFC 10-311] analyzing module register_32
INFO: [VRFC 10-311] analyzing module register_32_10
INFO: [VRFC 10-311] analyzing module register_32_1024
INFO: [VRFC 10-311] analyzing module register_32_1038
INFO: [VRFC 10-311] analyzing module register_32_1039
INFO: [VRFC 10-311] analyzing module register_32_1080
INFO: [VRFC 10-311] analyzing module register_32_1081
INFO: [VRFC 10-311] analyzing module register_32_11
INFO: [VRFC 10-311] analyzing module register_32_12
INFO: [VRFC 10-311] analyzing module register_32_1298
INFO: [VRFC 10-311] analyzing module register_32_13
INFO: [VRFC 10-311] analyzing module register_32_1309
INFO: [VRFC 10-311] analyzing module register_32_1310
INFO: [VRFC 10-311] analyzing module register_32_1350
INFO: [VRFC 10-311] analyzing module register_32_1351
INFO: [VRFC 10-311] analyzing module register_32_1352
INFO: [VRFC 10-311] analyzing module register_32_14
INFO: [VRFC 10-311] analyzing module register_32_15
INFO: [VRFC 10-311] analyzing module register_32_16
INFO: [VRFC 10-311] analyzing module register_32_17
INFO: [VRFC 10-311] analyzing module register_32_18
INFO: [VRFC 10-311] analyzing module register_32_19
INFO: [VRFC 10-311] analyzing module register_32_2
INFO: [VRFC 10-311] analyzing module register_32_20
INFO: [VRFC 10-311] analyzing module register_32_21
INFO: [VRFC 10-311] analyzing module register_32_22
INFO: [VRFC 10-311] analyzing module register_32_23
INFO: [VRFC 10-311] analyzing module register_32_24
INFO: [VRFC 10-311] analyzing module register_32_25
INFO: [VRFC 10-311] analyzing module register_32_26
INFO: [VRFC 10-311] analyzing module register_32_27
INFO: [VRFC 10-311] analyzing module register_32_28
INFO: [VRFC 10-311] analyzing module register_32_29
INFO: [VRFC 10-311] analyzing module register_32_3
INFO: [VRFC 10-311] analyzing module register_32_30
INFO: [VRFC 10-311] analyzing module register_32_31
INFO: [VRFC 10-311] analyzing module register_32_4
INFO: [VRFC 10-311] analyzing module register_32_5
INFO: [VRFC 10-311] analyzing module register_32_6
INFO: [VRFC 10-311] analyzing module register_32_7
INFO: [VRFC 10-311] analyzing module register_32_8
INFO: [VRFC 10-311] analyzing module register_32_9
INFO: [VRFC 10-311] analyzing module register_65
INFO: [VRFC 10-311] analyzing module register_65_1222
INFO: [VRFC 10-311] analyzing module t_flip_flop
INFO: [VRFC 10-311] analyzing module t_flip_flop_1213
INFO: [VRFC 10-311] analyzing module t_flip_flop_1214
INFO: [VRFC 10-311] analyzing module t_flip_flop_1215
INFO: [VRFC 10-311] analyzing module t_flip_flop_1216
INFO: [VRFC 10-311] analyzing module t_flip_flop_1286
INFO: [VRFC 10-311] analyzing module t_flip_flop_1287
INFO: [VRFC 10-311] analyzing module t_flip_flop_1288
INFO: [VRFC 10-311] analyzing module t_flip_flop_1289
INFO: [VRFC 10-311] analyzing module t_flip_flop_1290
INFO: [VRFC 10-311] analyzing module t_flip_flop_1291
INFO: [VRFC 10-311] analyzing module glbl
INFO: [VRFC 10-2263] Analyzing Verilog file "C:/Users/nolan/Duke/ece350/ece350-32bit-cpu/Processor/Latches/DX.v" into library xil_defaultlib
INFO: [VRFC 10-311] analyzing module DecodeExecute
WARNING: [VRFC 10-3609] overwriting previous definition of module 'DecodeExecute' [C:/Users/nolan/Duke/ece350/ece350-32bit-cpu/Processor/Latches/DX.v:1]
INFO: [VRFC 10-2263] Analyzing Verilog file "C:/Users/nolan/Duke/ece350/ece350-32bit-cpu/Processor/Latches/FD.v" into library xil_defaultlib
INFO: [VRFC 10-311] analyzing module FetchDecode
WARNING: [VRFC 10-3609] overwriting previous definition of module 'FetchDecode' [C:/Users/nolan/Duke/ece350/ece350-32bit-cpu/Processor/Latches/FD.v:1]
INFO: [VRFC 10-2263] Analyzing Verilog file "C:/Users/nolan/Duke/ece350/ece350-32bit-cpu/Processor/Latches/MW.v" into library xil_defaultlib
INFO: [VRFC 10-311] analyzing module MemoryWriteback
WARNING: [VRFC 10-3609] overwriting previous definition of module 'MemoryWriteback' [C:/Users/nolan/Duke/ece350/ece350-32bit-cpu/Processor/Latches/MW.v:1]
INFO: [VRFC 10-2263] Analyzing Verilog file "C:/Users/nolan/Duke/ece350/ece350-32bit-cpu/Processor/Latches/PC.v" into library xil_defaultlib
INFO: [VRFC 10-311] analyzing module ProgramCounter
WARNING: [VRFC 10-3609] overwriting previous definition of module 'ProgramCounter' [C:/Users/nolan/Duke/ece350/ece350-32bit-cpu/Processor/Latches/PC.v:1]
INFO: [VRFC 10-2263] Analyzing Verilog file "C:/Users/nolan/Duke/ece350/ece350-32bit-cpu/Processor/Control/PCControl.v" into library xil_defaultlib
INFO: [VRFC 10-311] analyzing module PCControl
INFO: [VRFC 10-2263] Analyzing Verilog file "C:/Users/nolan/Duke/ece350/ece350-32bit-cpu/Processor/RAM.v" into library xil_defaultlib
INFO: [VRFC 10-311] analyzing module RAM
INFO: [VRFC 10-2263] Analyzing Verilog file "C:/Users/nolan/Duke/ece350/ece350-32bit-cpu/Processor/ROM.v" into library xil_defaultlib
INFO: [VRFC 10-311] analyzing module ROM
WARNING: [VRFC 10-3609] overwriting previous definition of module 'ROM' [C:/Users/nolan/Duke/ece350/ece350-32bit-cpu/Processor/ROM.v:2]
INFO: [VRFC 10-2263] Analyzing Verilog file "C:/Users/nolan/Duke/ece350/ece350-32bit-cpu/Processor/Latches/XM.v" into library xil_defaultlib
INFO: [VRFC 10-311] analyzing module ExecuteMemory
WARNING: [VRFC 10-3609] overwriting previous definition of module 'ExecuteMemory' [C:/Users/nolan/Duke/ece350/ece350-32bit-cpu/Processor/Latches/XM.v:1]
INFO: [VRFC 10-2263] Analyzing Verilog file "C:/Users/nolan/Duke/ece350/ece350-32bit-cpu/Alu/Adder/adder_32.v" into library xil_defaultlib
INFO: [VRFC 10-311] analyzing module adder_32
INFO: [VRFC 10-2263] Analyzing Verilog file "C:/Users/nolan/Duke/ece350/ece350-32bit-cpu/Alu/Adder/adder_8.v" into library xil_defaultlib
INFO: [VRFC 10-311] analyzing module adder_8
INFO: [VRFC 10-2263] Analyzing Verilog file "C:/Users/nolan/Duke/ece350/ece350-32bit-cpu/Alu/alu.v" into library xil_defaultlib
INFO: [VRFC 10-311] analyzing module alu
INFO: [VRFC 10-2263] Analyzing Verilog file "C:/Users/nolan/Duke/ece350/ece350-32bit-cpu/Alu/alu_op.v" into library xil_defaultlib
INFO: [VRFC 10-311] analyzing module alu_op
INFO: [VRFC 10-2263] Analyzing Verilog file "C:/Users/nolan/Duke/ece350/ece350-32bit-cpu/Alu/Logical/and_32.v" into library xil_defaultlib
INFO: [VRFC 10-311] analyzing module and_32
INFO: [VRFC 10-2263] Analyzing Verilog file "C:/Users/nolan/Duke/ece350/ece350-32bit-cpu/Alu/Shifter/barrel_left_1.v" into library xil_defaultlib
INFO: [VRFC 10-311] analyzing module shift_left_1
INFO: [VRFC 10-2263] Analyzing Verilog file "C:/Users/nolan/Duke/ece350/ece350-32bit-cpu/Alu/Shifter/barrel_left_16.v" into library xil_defaultlib
INFO: [VRFC 10-311] analyzing module shift_left_16
INFO: [VRFC 10-2263] Analyzing Verilog file "C:/Users/nolan/Duke/ece350/ece350-32bit-cpu/Alu/Shifter/barrel_left_2.v" into library xil_defaultlib
INFO: [VRFC 10-311] analyzing module shift_left_2
INFO: [VRFC 10-2263] Analyzing Verilog file "C:/Users/nolan/Duke/ece350/ece350-32bit-cpu/Alu/Shifter/barrel_left_4.v" into library xil_defaultlib
INFO: [VRFC 10-311] analyzing module shift_left_4
INFO: [VRFC 10-2263] Analyzing Verilog file "C:/Users/nolan/Duke/ece350/ece350-32bit-cpu/Alu/Shifter/barrel_left_8.v" into library xil_defaultlib
INFO: [VRFC 10-311] analyzing module shift_left_8
INFO: [VRFC 10-2263] Analyzing Verilog file "C:/Users/nolan/Duke/ece350/ece350-32bit-cpu/Alu/Shifter/barrel_right_1.v" into library xil_defaultlib
INFO: [VRFC 10-311] analyzing module shift_right_1
INFO: [VRFC 10-2263] Analyzing Verilog file "C:/Users/nolan/Duke/ece350/ece350-32bit-cpu/Alu/Shifter/barrel_right_16.v" into library xil_defaultlib
INFO: [VRFC 10-311] analyzing module shift_right_16
INFO: [VRFC 10-2263] Analyzing Verilog file "C:/Users/nolan/Duke/ece350/ece350-32bit-cpu/Alu/Shifter/barrel_right_2.v" into library xil_defaultlib
INFO: [VRFC 10-311] analyzing module shift_right_2
INFO: [VRFC 10-2263] Analyzing Verilog file "C:/Users/nolan/Duke/ece350/ece350-32bit-cpu/Alu/Shifter/barrel_right_4.v" into library xil_defaultlib
INFO: [VRFC 10-311] analyzing module shift_right_4
INFO: [VRFC 10-2263] Analyzing Verilog file "C:/Users/nolan/Duke/ece350/ece350-32bit-cpu/Alu/Shifter/barrel_right_8.v" into library xil_defaultlib
INFO: [VRFC 10-311] analyzing module shift_right_8
INFO: [VRFC 10-2263] Analyzing Verilog file "C:/Users/nolan/Duke/ece350/ece350-32bit-cpu/Processor/Hazard/bypass.v" into library xil_defaultlib
INFO: [VRFC 10-311] analyzing module Bypass
INFO: [VRFC 10-2263] Analyzing Verilog file "C:/Users/nolan/Duke/ece350/ece350-32bit-cpu/MultDiv/checkBits_32.v" into library xil_defaultlib
INFO: [VRFC 10-311] analyzing module checkBits_32
INFO: [VRFC 10-2263] Analyzing Verilog file "C:/Users/nolan/Duke/ece350/ece350-32bit-cpu/Alu/Adder/cla_32.v" into library xil_defaultlib
INFO: [VRFC 10-311] analyzing module cla_32
INFO: [VRFC 10-2263] Analyzing Verilog file "C:/Users/nolan/Duke/ece350/ece350-32bit-cpu/Alu/Adder/cla_8.v" into library xil_defaultlib
INFO: [VRFC 10-311] analyzing module cla_8
INFO: [VRFC 10-2263] Analyzing Verilog file "C:/Users/nolan/Duke/ece350/ece350-32bit-cpu/Alu/Comparators/comparator_2.v" into library xil_defaultlib
INFO: [VRFC 10-311] analyzing module comparator_2
INFO: [VRFC 10-2263] Analyzing Verilog file "C:/Users/nolan/Duke/ece350/ece350-32bit-cpu/Alu/Comparators/comparator_32.v" into library xil_defaultlib
INFO: [VRFC 10-311] analyzing module comparator_32
INFO: [VRFC 10-2263] Analyzing Verilog file "C:/Users/nolan/Duke/ece350/ece350-32bit-cpu/Alu/Comparators/comparator_8.v" into library xil_defaultlib
INFO: [VRFC 10-311] analyzing module comparator_8
INFO: [VRFC 10-2263] Analyzing Verilog file "C:/Users/nolan/Duke/ece350/ece350-32bit-cpu/MultDiv/Mult/counter_16.v" into library xil_defaultlib
INFO: [VRFC 10-311] analyzing module counter_16
WARNING: [VRFC 10-3609] overwriting previous definition of module 'counter_16' [C:/Users/nolan/Duke/ece350/ece350-32bit-cpu/MultDiv/Mult/counter_16.v:1]
INFO: [VRFC 10-2263] Analyzing Verilog file "C:/Users/nolan/Duke/ece350/ece350-32bit-cpu/MultDiv/Div/counter_32.v" into library xil_defaultlib
INFO: [VRFC 10-311] analyzing module counter_32
WARNING: [VRFC 10-3609] overwriting previous definition of module 'counter_32' [C:/Users/nolan/Duke/ece350/ece350-32bit-cpu/MultDiv/Div/counter_32.v:1]
INFO: [VRFC 10-2263] Analyzing Verilog file "C:/Users/nolan/Duke/ece350/ece350-32bit-cpu/Processor/Control/decodeControl.v" into library xil_defaultlib
INFO: [VRFC 10-311] analyzing module DecodeControl
INFO: [VRFC 10-2263] Analyzing Verilog file "C:/Users/nolan/Duke/ece350/ece350-32bit-cpu/Mux/decoder_32.v" into library xil_defaultlib
INFO: [VRFC 10-311] analyzing module decoder_32
WARNING: [VRFC 10-3609] overwriting previous definition of module 'decoder_32' [C:/Users/nolan/Duke/ece350/ece350-32bit-cpu/Mux/decoder_32.v:1]
INFO: [VRFC 10-2263] Analyzing Verilog file "C:/Users/nolan/Duke/ece350/ece350-32bit-cpu/Register/dffe_ref.v" into library xil_defaultlib
INFO: [VRFC 10-311] analyzing module dffe_ref
WARNING: [VRFC 10-3609] overwriting previous definition of module 'dffe_ref' [C:/Users/nolan/Duke/ece350/ece350-32bit-cpu/Register/dffe_ref.v:1]
INFO: [VRFC 10-2263] Analyzing Verilog file "C:/Users/nolan/Duke/ece350/ece350-32bit-cpu/MultDiv/Div/div.v" into library xil_defaultlib
INFO: [VRFC 10-311] analyzing module div
WARNING: [VRFC 10-3609] overwriting previous definition of module 'div' [C:/Users/nolan/Duke/ece350/ece350-32bit-cpu/MultDiv/Div/div.v:1]
INFO: [VRFC 10-2263] Analyzing Verilog file "C:/Users/nolan/Duke/ece350/ece350-32bit-cpu/MultDiv/Div/divControl.v" into library xil_defaultlib
INFO: [VRFC 10-311] analyzing module divControl
INFO: [VRFC 10-2263] Analyzing Verilog file "C:/Users/nolan/Duke/ece350/ece350-32bit-cpu/Processor/Control/exception.v" into library xil_defaultlib
INFO: [VRFC 10-311] analyzing module Exception
INFO: [VRFC 10-2263] Analyzing Verilog file "C:/Users/nolan/Duke/ece350/ece350-32bit-cpu/Processor/Control/executeControl.v" into library xil_defaultlib
INFO: [VRFC 10-311] analyzing module ExecuteControl
INFO: [VRFC 10-2263] Analyzing Verilog file "C:/Users/nolan/Duke/ece350/ece350-32bit-cpu/Processor/Sign-extention/extend_16.v" into library xil_defaultlib
INFO: [VRFC 10-311] analyzing module SignExtender_16
INFO: [VRFC 10-2263] Analyzing Verilog file "C:/Users/nolan/Duke/ece350/ece350-32bit-cpu/Alu/Adder/full_adder.v" into library xil_defaultlib
INFO: [VRFC 10-311] analyzing module full_adder
INFO: [VRFC 10-2263] Analyzing Verilog file "C:/Users/nolan/Duke/ece350/ece350-32bit-cpu/Processor/Hazard/interlock.v" into library xil_defaultlib
INFO: [VRFC 10-311] analyzing module Interlock
INFO: [VRFC 10-2263] Analyzing Verilog file "C:/Users/nolan/Duke/ece350/ece350-32bit-cpu/Processor/Control/memoryControl.v" into library xil_defaultlib
INFO: [VRFC 10-311] analyzing module MemoryControl
INFO: [VRFC 10-2263] Analyzing Verilog file "C:/Users/nolan/Duke/ece350/ece350-32bit-cpu/MultDiv/Mult/mult.v" into library xil_defaultlib
INFO: [VRFC 10-311] analyzing module mult
WARNING: [VRFC 10-3609] overwriting previous definition of module 'mult' [C:/Users/nolan/Duke/ece350/ece350-32bit-cpu/MultDiv/Mult/mult.v:1]
INFO: [VRFC 10-2263] Analyzing Verilog file "C:/Users/nolan/Duke/ece350/ece350-32bit-cpu/MultDiv/Mult/multControl.v" into library xil_defaultlib
INFO: [VRFC 10-311] analyzing module multControl
INFO: [VRFC 10-2263] Analyzing Verilog file "C:/Users/nolan/Duke/ece350/ece350-32bit-cpu/Processor/Control/multDivStall.v" into library xil_defaultlib
INFO: [VRFC 10-311] analyzing module MultDivStall
INFO: [VRFC 10-2263] Analyzing Verilog file "C:/Users/nolan/Duke/ece350/ece350-32bit-cpu/MultDiv/multdiv.v" into library xil_defaultlib
INFO: [VRFC 10-311] analyzing module multdiv
WARNING: [VRFC 10-3609] overwriting previous definition of module 'multdiv' [C:/Users/nolan/Duke/ece350/ece350-32bit-cpu/MultDiv/multdiv.v:1]
INFO: [VRFC 10-2263] Analyzing Verilog file "C:/Users/nolan/Duke/ece350/ece350-32bit-cpu/Mux/mux_2.v" into library xil_defaultlib
INFO: [VRFC 10-311] analyzing module mux_2
INFO: [VRFC 10-2263] Analyzing Verilog file "C:/Users/nolan/Duke/ece350/ece350-32bit-cpu/Mux/mux_2_1.v" into library xil_defaultlib
INFO: [VRFC 10-311] analyzing module mux_2_1
INFO: [VRFC 10-2263] Analyzing Verilog file "C:/Users/nolan/Duke/ece350/ece350-32bit-cpu/Mux/mux_2_5.v" into library xil_defaultlib
INFO: [VRFC 10-311] analyzing module mux_2_5
INFO: [VRFC 10-2263] Analyzing Verilog file "C:/Users/nolan/Duke/ece350/ece350-32bit-cpu/MultDiv/Mux/mux_2_65.v" into library xil_defaultlib
INFO: [VRFC 10-311] analyzing module mux_2_65
INFO: [VRFC 10-2263] Analyzing Verilog file "C:/Users/nolan/Duke/ece350/ece350-32bit-cpu/Mux/mux_4.v" into library xil_defaultlib
INFO: [VRFC 10-311] analyzing module mux_4
INFO: [VRFC 10-2263] Analyzing Verilog file "C:/Users/nolan/Duke/ece350/ece350-32bit-cpu/Mux/mux_4_5.v" into library xil_defaultlib
INFO: [VRFC 10-311] analyzing module mux_4_5
INFO: [VRFC 10-2263] Analyzing Verilog file "C:/Users/nolan/Duke/ece350/ece350-32bit-cpu/MultDiv/Mux/mux_4_65.v" into library xil_defaultlib
INFO: [VRFC 10-311] analyzing module mux_4_65
INFO: [VRFC 10-2263] Analyzing Verilog file "C:/Users/nolan/Duke/ece350/ece350-32bit-cpu/Mux/mux_8.v" into library xil_defaultlib
INFO: [VRFC 10-311] analyzing module mux_8
INFO: [VRFC 10-2263] Analyzing Verilog file "C:/Users/nolan/Duke/ece350/ece350-32bit-cpu/Alu/Logical/not_32.v" into library xil_defaultlib
INFO: [VRFC 10-311] analyzing module not_32
INFO: [VRFC 10-2263] Analyzing Verilog file "C:/Users/nolan/Duke/ece350/ece350-32bit-cpu/Alu/Logical/or_32.v" into library xil_defaultlib
INFO: [VRFC 10-311] analyzing module or_32
INFO: [VRFC 10-2263] Analyzing Verilog file "C:/Users/nolan/Duke/ece350/ece350-32bit-cpu/Processor/processor.v" into library xil_defaultlib
INFO: [VRFC 10-311] analyzing module processor
INFO: [VRFC 10-2458] undeclared symbol executeIR, assumed default net type wire [C:/Users/nolan/Duke/ece350/ece350-32bit-cpu/Processor/processor.v:69]
INFO: [VRFC 10-2458] undeclared symbol multDivDone, assumed default net type wire [C:/Users/nolan/Duke/ece350/ece350-32bit-cpu/Processor/processor.v:69]
INFO: [VRFC 10-2458] undeclared symbol decodeIR, assumed default net type wire [C:/Users/nolan/Duke/ece350/ece350-32bit-cpu/Processor/processor.v:78]
INFO: [VRFC 10-2458] undeclared symbol memoryIR, assumed default net type wire [C:/Users/nolan/Duke/ece350/ece350-32bit-cpu/Processor/processor.v:83]
INFO: [VRFC 10-2458] undeclared symbol writebackIR, assumed default net type wire [C:/Users/nolan/Duke/ece350/ece350-32bit-cpu/Processor/processor.v:83]
INFO: [VRFC 10-2458] undeclared symbol memoryErrorOut, assumed default net type wire [C:/Users/nolan/Duke/ece350/ece350-32bit-cpu/Processor/processor.v:83]
INFO: [VRFC 10-2458] undeclared symbol writebackErrorOut, assumed default net type wire [C:/Users/nolan/Duke/ece350/ece350-32bit-cpu/Processor/processor.v:83]
INFO: [VRFC 10-2458] undeclared symbol executePC, assumed default net type wire [C:/Users/nolan/Duke/ece350/ece350-32bit-cpu/Processor/processor.v:90]
INFO: [VRFC 10-2458] undeclared symbol executeT, assumed default net type wire [C:/Users/nolan/Duke/ece350/ece350-32bit-cpu/Processor/processor.v:90]
INFO: [VRFC 10-2458] undeclared symbol aluAInput, assumed default net type wire [C:/Users/nolan/Duke/ece350/ece350-32bit-cpu/Processor/processor.v:90]
INFO: [VRFC 10-2458] undeclared symbol executeImmediate, assumed default net type wire [C:/Users/nolan/Duke/ece350/ece350-32bit-cpu/Processor/processor.v:90]
INFO: [VRFC 10-2458] undeclared symbol executeOpcode, assumed default net type wire [C:/Users/nolan/Duke/ece350/ece350-32bit-cpu/Processor/processor.v:90]
INFO: [VRFC 10-2458] undeclared symbol aluNEQ, assumed default net type wire [C:/Users/nolan/Duke/ece350/ece350-32bit-cpu/Processor/processor.v:90]
INFO: [VRFC 10-2458] undeclared symbol aluLT, assumed default net type wire [C:/Users/nolan/Duke/ece350/ece350-32bit-cpu/Processor/processor.v:90]
WARNING: [VRFC 10-2938] 'decodeIR' is already implicitly declared on line 78 [C:/Users/nolan/Duke/ece350/ece350-32bit-cpu/Processor/processor.v:96]
WARNING: [VRFC 10-2938] 'executeIR' is already implicitly declared on line 69 [C:/Users/nolan/Duke/ece350/ece350-32bit-cpu/Processor/processor.v:114]
WARNING: [VRFC 10-2938] 'executeOpcode' is already implicitly declared on line 90 [C:/Users/nolan/Duke/ece350/ece350-32bit-cpu/Processor/processor.v:115]
WARNING: [VRFC 10-2938] 'aluNEQ' is already implicitly declared on line 90 [C:/Users/nolan/Duke/ece350/ece350-32bit-cpu/Processor/processor.v:117]
INFO: [VRFC 10-2458] undeclared symbol startMult, assumed default net type wire [C:/Users/nolan/Duke/ece350/ece350-32bit-cpu/Processor/processor.v:124]
INFO: [VRFC 10-2458] undeclared symbol startDiv, assumed default net type wire [C:/Users/nolan/Duke/ece350/ece350-32bit-cpu/Processor/processor.v:124]
WARNING: [VRFC 10-2938] 'aluAInput' is already implicitly declared on line 90 [C:/Users/nolan/Duke/ece350/ece350-32bit-cpu/Processor/processor.v:128]
WARNING: [VRFC 10-2938] 'startMult' is already implicitly declared on line 124 [C:/Users/nolan/Duke/ece350/ece350-32bit-cpu/Processor/processor.v:136]
WARNING: [VRFC 10-2938] 'memoryIR' is already implicitly declared on line 83 [C:/Users/nolan/Duke/ece350/ece350-32bit-cpu/Processor/processor.v:140]
WARNING: [VRFC 10-2938] 'memoryErrorOut' is already implicitly declared on line 83 [C:/Users/nolan/Duke/ece350/ece350-32bit-cpu/Processor/processor.v:141]
WARNING: [VRFC 10-2938] 'writebackIR' is already implicitly declared on line 83 [C:/Users/nolan/Duke/ece350/ece350-32bit-cpu/Processor/processor.v:156]
WARNING: [VRFC 10-2938] 'writebackErrorOut' is already implicitly declared on line 83 [C:/Users/nolan/Duke/ece350/ece350-32bit-cpu/Processor/processor.v:159]
WARNING: [VRFC 10-3380] identifier 'interlockStall' is used before its declaration [C:/Users/nolan/Duke/ece350/ece350-32bit-cpu/Processor/processor.v:70]
WARNING: [VRFC 10-3380] identifier 'interlockStall' is used before its declaration [C:/Users/nolan/Duke/ece350/ece350-32bit-cpu/Processor/processor.v:71]
WARNING: [VRFC 10-3380] identifier 'memoryO' is used before its declaration [C:/Users/nolan/Duke/ece350/ece350-32bit-cpu/Processor/processor.v:129]
WARNING: [VRFC 10-3380] identifier 'memoryO' is used before its declaration [C:/Users/nolan/Duke/ece350/ece350-32bit-cpu/Processor/processor.v:130]
WARNING: [VRFC 10-3380] identifier 'exceptionData' is used before its declaration [C:/Users/nolan/Duke/ece350/ece350-32bit-cpu/Processor/processor.v:150]
WARNING: [VRFC 10-3609] overwriting previous definition of module 'processor' [C:/Users/nolan/Duke/ece350/ece350-32bit-cpu/Processor/processor.v:20]
INFO: [VRFC 10-2263] Analyzing Verilog file "C:/Users/nolan/Duke/ece350/ece350-32bit-cpu/Processor/pulse.v" into library xil_defaultlib
INFO: [VRFC 10-311] analyzing module Pulse
WARNING: [VRFC 10-3609] overwriting previous definition of module 'Pulse' [C:/Users/nolan/Duke/ece350/ece350-32bit-cpu/Processor/pulse.v:1]
INFO: [VRFC 10-2263] Analyzing Verilog file "C:/Users/nolan/Duke/ece350/ece350-32bit-cpu/Register/regfile.v" into library xil_defaultlib
INFO: [VRFC 10-311] analyzing module regfile
WARNING: [VRFC 10-3609] overwriting previous definition of module 'regfile' [C:/Users/nolan/Duke/ece350/ece350-32bit-cpu/Register/regfile.v:1]
INFO: [VRFC 10-2263] Analyzing Verilog file "C:/Users/nolan/Duke/ece350/ece350-32bit-cpu/Register/register_32.v" into library xil_defaultlib
INFO: [VRFC 10-311] analyzing module register_32
WARNING: [VRFC 10-3609] overwriting previous definition of module 'register_32' [C:/Users/nolan/Duke/ece350/ece350-32bit-cpu/Register/register_32.v:1]
INFO: [VRFC 10-2263] Analyzing Verilog file "C:/Users/nolan/Duke/ece350/ece350-32bit-cpu/Register/register_65.v" into library xil_defaultlib
INFO: [VRFC 10-311] analyzing module register_65
WARNING: [VRFC 10-3609] overwriting previous definition of module 'register_65' [C:/Users/nolan/Duke/ece350/ece350-32bit-cpu/Register/register_65.v:1]
INFO: [VRFC 10-2263] Analyzing Verilog file "C:/Users/nolan/Duke/ece350/ece350-32bit-cpu/MultDiv/resetDetection.v" into library xil_defaultlib
INFO: [VRFC 10-311] analyzing module resetDetection
INFO: [VRFC 10-2263] Analyzing Verilog file "C:/Users/nolan/Duke/ece350/ece350-32bit-cpu/Alu/Shifter/shift_left_32.v" into library xil_defaultlib
INFO: [VRFC 10-311] analyzing module shift_left
INFO: [VRFC 10-2263] Analyzing Verilog file "C:/Users/nolan/Duke/ece350/ece350-32bit-cpu/Alu/Shifter/shift_right_32.v" into library xil_defaultlib
INFO: [VRFC 10-311] analyzing module shift_right
INFO: [VRFC 10-2263] Analyzing Verilog file "C:/Users/nolan/Duke/ece350/ece350-32bit-cpu/MultDiv/Mult/specialCaseCheck.v" into library xil_defaultlib
INFO: [VRFC 10-311] analyzing module specialCaseChecker
INFO: [VRFC 10-2263] Analyzing Verilog file "C:/Users/nolan/Duke/ece350/ece350-32bit-cpu/Register/t_flip_flop.v" into library xil_defaultlib
INFO: [VRFC 10-311] analyzing module t_flip_flop
WARNING: [VRFC 10-3609] overwriting previous definition of module 't_flip_flop' [C:/Users/nolan/Duke/ece350/ece350-32bit-cpu/Register/t_flip_flop.v:1]
INFO: [VRFC 10-2263] Analyzing Verilog file "C:/Users/nolan/Duke/ece350/ece350-32bit-cpu/Register/tri_state32.v" into library xil_defaultlib
INFO: [VRFC 10-311] analyzing module tri_state32
INFO: [VRFC 10-2263] Analyzing Verilog file "C:/Users/nolan/Duke/ece350/ece350-32bit-cpu/Processor/type_detector.v" into library xil_defaultlib
INFO: [VRFC 10-311] analyzing module TypeDetector
INFO: [VRFC 10-2263] Analyzing Verilog file "C:/Users/nolan/Duke/ece350/ece350-32bit-cpu/Processor/Control/writebackControl.v" into library xil_defaultlib
INFO: [VRFC 10-311] analyzing module WritebackControl
INFO: [VRFC 10-2263] Analyzing Verilog file "C:/Users/nolan/Duke/ece350/ece350-32bit-cpu/Wrapper_tb.v" into library xil_defaultlib
INFO: [VRFC 10-311] analyzing module Wrapper_tb
WARNING: [VRFC 10-2096] empty statement in sequential block [C:/Users/nolan/Duke/ece350/ece350-32bit-cpu/Wrapper_tb.v:163]
WARNING: [VRFC 10-3380] identifier 'reg_to_test' is used before its declaration [C:/Users/nolan/Duke/ece350/ece350-32bit-cpu/Wrapper_tb.v:63]
